  [1m[35m (173.8ms)[0m  [1m[35mCREATE DATABASE "gallery_api_development" ENCODING = 'unicode'[0m
  [1m[35m (92.0ms)[0m  [1m[35mCREATE DATABASE "gallery_api_test" ENCODING = 'unicode'[0m
  [1m[35m (25.6ms)[0m  [1m[35mCREATE TABLE "schema_migrations" ("version" character varying NOT NULL PRIMARY KEY)[0m
  [1m[35m (20.4ms)[0m  [1m[35mCREATE TABLE "ar_internal_metadata" ("key" character varying NOT NULL PRIMARY KEY, "value" character varying, "created_at" timestamp(6) NOT NULL, "updated_at" timestamp(6) NOT NULL)[0m
  [1m[35m (0.6ms)[0m  [1m[34mSELECT pg_try_advisory_lock(3088572876417905730)[0m
  [1m[35m (0.8ms)[0m  [1m[34mSELECT "schema_migrations"."version" FROM "schema_migrations" ORDER BY "schema_migrations"."version" ASC[0m
Migrating to CreateUsers (20200727171200)
  [1m[35m (0.1ms)[0m  [1m[35mBEGIN[0m
  [1m[35m (25.1ms)[0m  [1m[35mCREATE TABLE "users" ("id" bigserial primary key, "name" character varying, "created_at" timestamp(6) NOT NULL, "updated_at" timestamp(6) NOT NULL)[0m
  [1m[36mprimary::SchemaMigration Create (0.5ms)[0m  [1m[32mINSERT INTO "schema_migrations" ("version") VALUES ($1) RETURNING "version"[0m  [["version", "20200727171200"]]
  [1m[35m (0.5ms)[0m  [1m[35mCOMMIT[0m
Migrating to CreateFavorites (20200727172335)
  [1m[35m (6.3ms)[0m  [1m[35mBEGIN[0m
  [1m[35m (8.0ms)[0m  [1m[35mCREATE TABLE "favorites" ("id" bigserial primary key, "created_at" timestamp(6) NOT NULL, "updated_at" timestamp(6) NOT NULL)[0m
  [1m[36mprimary::SchemaMigration Create (0.4ms)[0m  [1m[32mINSERT INTO "schema_migrations" ("version") VALUES ($1) RETURNING "version"[0m  [["version", "20200727172335"]]
  [1m[35m (5.8ms)[0m  [1m[35mCOMMIT[0m
Migrating to CreatePictures (20200727172406)
  [1m[35m (6.2ms)[0m  [1m[35mBEGIN[0m
  [1m[35m (22.2ms)[0m  [1m[35mCREATE TABLE "pictures" ("id" bigserial primary key, "title" character varying, "like" integer, "imageUrl" character varying, "created_at" timestamp(6) NOT NULL, "updated_at" timestamp(6) NOT NULL)[0m
  [1m[36mprimary::SchemaMigration Create (0.5ms)[0m  [1m[32mINSERT INTO "schema_migrations" ("version") VALUES ($1) RETURNING "version"[0m  [["version", "20200727172406"]]
  [1m[35m (0.6ms)[0m  [1m[35mCOMMIT[0m
  [1m[36mActiveRecord::InternalMetadata Load (0.5ms)[0m  [1m[34mSELECT "ar_internal_metadata".* FROM "ar_internal_metadata" WHERE "ar_internal_metadata"."key" = $1 LIMIT $2[0m  [["key", "environment"], ["LIMIT", 1]]
  [1m[35m (0.2ms)[0m  [1m[35mBEGIN[0m
  [1m[36mActiveRecord::InternalMetadata Create (1.0ms)[0m  [1m[32mINSERT INTO "ar_internal_metadata" ("key", "value", "created_at", "updated_at") VALUES ($1, $2, $3, $4) RETURNING "key"[0m  [["key", "environment"], ["value", "development"], ["created_at", "2020-07-27 17:33:30.493322"], ["updated_at", "2020-07-27 17:33:30.493322"]]
  [1m[35m (6.1ms)[0m  [1m[35mCOMMIT[0m
  [1m[35m (0.3ms)[0m  [1m[34mSELECT pg_advisory_unlock(3088572876417905730)[0m
  [1m[35m (1.4ms)[0m  [1m[34mSELECT "schema_migrations"."version" FROM "schema_migrations" ORDER BY "schema_migrations"."version" ASC[0m
Started GET "/api/v1/pictures" for ::1 at 2020-07-27 15:03:09 -0400
  [1m[35m (6.9ms)[0m  [1m[34mSELECT "schema_migrations"."version" FROM "schema_migrations" ORDER BY "schema_migrations"."version" ASC[0m
Processing by Api::V1::PicturesController#index as HTML
Completed 500 Internal Server Error in 15ms (ActiveRecord: 0.0ms | Allocations: 4782)


  
NoMethodError (undefined method `picture' for #<Class:0x00007ff0a69f62a0>):
  
app/models/picture.rb:2:in `<class:Picture>'
app/models/picture.rb:1:in `<main>'
app/controllers/api/v1/pictures_controller.rb:3:in `index'
Started GET "/api/v1/pictures" for ::1 at 2020-07-27 15:03:51 -0400
Processing by Api::V1::PicturesController#index as HTML
Completed 500 Internal Server Error in 12ms (ActiveRecord: 0.0ms | Allocations: 4104)


  
NoMethodError (undefined method `pictures' for #<Class:0x00007ff0a6a1a240>):
  
app/models/picture.rb:2:in `<class:Picture>'
app/models/picture.rb:1:in `<main>'
app/controllers/api/v1/pictures_controller.rb:3:in `index'
Started GET "/favicon.ico" for ::1 at 2020-07-27 15:03:52 -0400
  
ActionController::RoutingError (No route matches [GET] "/favicon.ico"):
  
actionpack (6.0.3.2) lib/action_dispatch/middleware/debug_exceptions.rb:36:in `call'
actionpack (6.0.3.2) lib/action_dispatch/middleware/show_exceptions.rb:33:in `call'
railties (6.0.3.2) lib/rails/rack/logger.rb:37:in `call_app'
railties (6.0.3.2) lib/rails/rack/logger.rb:26:in `block in call'
activesupport (6.0.3.2) lib/active_support/tagged_logging.rb:80:in `block in tagged'
activesupport (6.0.3.2) lib/active_support/tagged_logging.rb:28:in `tagged'
activesupport (6.0.3.2) lib/active_support/tagged_logging.rb:80:in `tagged'
railties (6.0.3.2) lib/rails/rack/logger.rb:26:in `call'
actionpack (6.0.3.2) lib/action_dispatch/middleware/remote_ip.rb:81:in `call'
actionpack (6.0.3.2) lib/action_dispatch/middleware/request_id.rb:27:in `call'
rack (2.2.3) lib/rack/runtime.rb:22:in `call'
activesupport (6.0.3.2) lib/active_support/cache/strategy/local_cache_middleware.rb:29:in `call'
actionpack (6.0.3.2) lib/action_dispatch/middleware/executor.rb:14:in `call'
actionpack (6.0.3.2) lib/action_dispatch/middleware/static.rb:126:in `call'
rack (2.2.3) lib/rack/sendfile.rb:110:in `call'
actionpack (6.0.3.2) lib/action_dispatch/middleware/host_authorization.rb:82:in `call'
rack-cors (1.1.1) lib/rack/cors.rb:100:in `call'
railties (6.0.3.2) lib/rails/engine.rb:527:in `call'
puma (4.3.5) lib/puma/configuration.rb:228:in `call'
puma (4.3.5) lib/puma/server.rb:713:in `handle_request'
puma (4.3.5) lib/puma/server.rb:472:in `process_client'
puma (4.3.5) lib/puma/server.rb:328:in `block in run'
puma (4.3.5) lib/puma/thread_pool.rb:134:in `block in spawn_thread'
Started GET "/api/v1/pictures" for ::1 at 2020-07-27 15:04:57 -0400
Processing by Api::V1::PicturesController#index as HTML
  [1m[36mPicture Load (2.1ms)[0m  [1m[34mSELECT "pictures".* FROM "pictures"[0m
  ↳ app/controllers/api/v1/pictures_controller.rb:4:in `index'
Completed 200 OK in 8ms (Views: 1.9ms | ActiveRecord: 3.0ms | Allocations: 2686)


Started GET "/api/v1/pictures" for ::1 at 2020-07-27 15:08:03 -0400
Processing by Api::V1::PicturesController#index as HTML
  [1m[36mPicture Load (0.3ms)[0m  [1m[34mSELECT "pictures".* FROM "pictures"[0m
  ↳ app/controllers/api/v1/pictures_controller.rb:4:in `index'
Completed 200 OK in 9ms (Views: 1.4ms | ActiveRecord: 0.3ms | Allocations: 824)


Started GET "/api/v1/pictures" for ::1 at 2020-07-27 15:08:04 -0400
Processing by Api::V1::PicturesController#index as HTML
  [1m[36mPicture Load (0.5ms)[0m  [1m[34mSELECT "pictures".* FROM "pictures"[0m
  ↳ app/controllers/api/v1/pictures_controller.rb:4:in `index'
Completed 200 OK in 3ms (Views: 1.8ms | ActiveRecord: 0.5ms | Allocations: 838)


Started GET "/api/v1/pictures" for ::1 at 2020-07-27 15:08:04 -0400
Processing by Api::V1::PicturesController#index as HTML
  [1m[36mPicture Load (0.2ms)[0m  [1m[34mSELECT "pictures".* FROM "pictures"[0m
  ↳ app/controllers/api/v1/pictures_controller.rb:4:in `index'
Completed 200 OK in 2ms (Views: 1.1ms | ActiveRecord: 0.2ms | Allocations: 819)


Started GET "/api/v1/pictures" for ::1 at 2020-07-27 15:08:05 -0400
Processing by Api::V1::PicturesController#index as HTML
  [1m[36mPicture Load (0.3ms)[0m  [1m[34mSELECT "pictures".* FROM "pictures"[0m
  ↳ app/controllers/api/v1/pictures_controller.rb:4:in `index'
Completed 200 OK in 2ms (Views: 1.8ms | ActiveRecord: 0.3ms | Allocations: 834)


  [1m[35m (0.4ms)[0m  [1m[34mSELECT "schema_migrations"."version" FROM "schema_migrations" ORDER BY "schema_migrations"."version" ASC[0m
Started GET "/api/v1/pictures" for ::1 at 2020-07-27 15:08:37 -0400
  [1m[35m (0.5ms)[0m  [1m[34mSELECT "schema_migrations"."version" FROM "schema_migrations" ORDER BY "schema_migrations"."version" ASC[0m
Processing by Api::V1::PicturesController#index as HTML
  [1m[36mPicture Load (0.5ms)[0m  [1m[34mSELECT "pictures".* FROM "pictures"[0m
  ↳ app/controllers/api/v1/pictures_controller.rb:4:in `index'
Completed 200 OK in 10ms (Views: 1.7ms | ActiveRecord: 1.5ms | Allocations: 3016)


Started GET "/api/v1/pictures" for ::1 at 2020-07-27 15:08:38 -0400
Processing by Api::V1::PicturesController#index as HTML
  [1m[36mPicture Load (0.4ms)[0m  [1m[34mSELECT "pictures".* FROM "pictures"[0m
  ↳ app/controllers/api/v1/pictures_controller.rb:4:in `index'
Completed 200 OK in 3ms (Views: 1.9ms | ActiveRecord: 0.4ms | Allocations: 838)


Started GET "/api/v1/pictures" for ::1 at 2020-07-27 15:08:38 -0400
Processing by Api::V1::PicturesController#index as HTML
  [1m[36mPicture Load (0.4ms)[0m  [1m[34mSELECT "pictures".* FROM "pictures"[0m
  ↳ app/controllers/api/v1/pictures_controller.rb:4:in `index'
Completed 200 OK in 2ms (Views: 1.5ms | ActiveRecord: 0.4ms | Allocations: 838)


Started GET "/api/v1/pictures" for ::1 at 2020-07-27 15:08:38 -0400
Processing by Api::V1::PicturesController#index as HTML
  [1m[36mPicture Load (0.3ms)[0m  [1m[34mSELECT "pictures".* FROM "pictures"[0m
  ↳ app/controllers/api/v1/pictures_controller.rb:4:in `index'
Completed 200 OK in 3ms (Views: 2.0ms | ActiveRecord: 0.3ms | Allocations: 838)


Started GET "/api/v1/pictures" for ::1 at 2020-07-27 15:08:39 -0400
Processing by Api::V1::PicturesController#index as HTML
  [1m[36mPicture Load (0.3ms)[0m  [1m[34mSELECT "pictures".* FROM "pictures"[0m
  ↳ app/controllers/api/v1/pictures_controller.rb:4:in `index'
Completed 200 OK in 1ms (Views: 1.1ms | ActiveRecord: 0.3ms | Allocations: 838)


Started GET "/api/v1/pictures" for ::1 at 2020-07-27 15:08:39 -0400
Processing by Api::V1::PicturesController#index as HTML
  [1m[36mPicture Load (0.3ms)[0m  [1m[34mSELECT "pictures".* FROM "pictures"[0m
  ↳ app/controllers/api/v1/pictures_controller.rb:4:in `index'
Completed 200 OK in 2ms (Views: 1.3ms | ActiveRecord: 0.3ms | Allocations: 819)


  [1m[35m (0.5ms)[0m  [1m[34mSELECT "schema_migrations"."version" FROM "schema_migrations" ORDER BY "schema_migrations"."version" ASC[0m
Started GET "/api/v1/pictures" for ::1 at 2020-07-27 15:11:34 -0400
  [1m[35m (0.5ms)[0m  [1m[34mSELECT "schema_migrations"."version" FROM "schema_migrations" ORDER BY "schema_migrations"."version" ASC[0m
Processing by Api::V1::PicturesController#index as HTML
  [1m[36mPicture Load (0.5ms)[0m  [1m[34mSELECT "pictures".* FROM "pictures"[0m
  ↳ app/controllers/api/v1/pictures_controller.rb:4:in `index'
Completed 200 OK in 11ms (Views: 1.7ms | ActiveRecord: 1.7ms | Allocations: 3018)


  [1m[35m (0.7ms)[0m  [1m[34mSELECT "schema_migrations"."version" FROM "schema_migrations" ORDER BY "schema_migrations"."version" ASC[0m
  [1m[35m (0.2ms)[0m  [1m[34mSELECT "schema_migrations"."version" FROM "schema_migrations" ORDER BY "schema_migrations"."version" ASC[0m
  [1m[35m (0.1ms)[0m  [1m[34mSELECT "schema_migrations"."version" FROM "schema_migrations" ORDER BY "schema_migrations"."version" ASC[0m
  [1m[35m (0.2ms)[0m  [1m[34mSELECT pg_try_advisory_lock(3088572876417905730)[0m
  [1m[35m (0.2ms)[0m  [1m[34mSELECT "schema_migrations"."version" FROM "schema_migrations" ORDER BY "schema_migrations"."version" ASC[0m
Migrating to CreatePictures (20200727172406)
  [1m[35m (0.2ms)[0m  [1m[35mBEGIN[0m
  [1m[35m (30.7ms)[0m  [1m[35mDROP TABLE "pictures"[0m
  [1m[36mprimary::SchemaMigration Destroy (17.9ms)[0m  [1m[31mDELETE FROM "schema_migrations" WHERE "schema_migrations"."version" = $1[0m  [["version", "20200727172406"]]
  [1m[35m (11.6ms)[0m  [1m[35mCOMMIT[0m
Migrating to CreateFavorites (20200727172335)
  [1m[35m (0.2ms)[0m  [1m[35mBEGIN[0m
  [1m[35m (0.6ms)[0m  [1m[35mDROP TABLE "favorites"[0m
  [1m[36mprimary::SchemaMigration Destroy (0.4ms)[0m  [1m[31mDELETE FROM "schema_migrations" WHERE "schema_migrations"."version" = $1[0m  [["version", "20200727172335"]]
  [1m[35m (6.5ms)[0m  [1m[35mCOMMIT[0m
Migrating to CreateUsers (20200727171200)
  [1m[35m (0.2ms)[0m  [1m[35mBEGIN[0m
  [1m[35m (0.8ms)[0m  [1m[35mDROP TABLE "users"[0m
  [1m[36mprimary::SchemaMigration Destroy (0.4ms)[0m  [1m[31mDELETE FROM "schema_migrations" WHERE "schema_migrations"."version" = $1[0m  [["version", "20200727171200"]]
  [1m[35m (7.0ms)[0m  [1m[35mCOMMIT[0m
  [1m[35m (0.3ms)[0m  [1m[34mSELECT pg_advisory_unlock(3088572876417905730)[0m
  [1m[35m (0.4ms)[0m  [1m[34mSELECT "schema_migrations"."version" FROM "schema_migrations" ORDER BY "schema_migrations"."version" ASC[0m
  [1m[35m (0.2ms)[0m  [1m[34mSELECT pg_try_advisory_lock(3088572876417905730)[0m
  [1m[35m (0.5ms)[0m  [1m[34mSELECT "schema_migrations"."version" FROM "schema_migrations" ORDER BY "schema_migrations"."version" ASC[0m
Migrating to CreateUsers (20200727171200)
  [1m[35m (0.2ms)[0m  [1m[35mBEGIN[0m
  [1m[35m (28.0ms)[0m  [1m[35mCREATE TABLE "users" ("id" bigserial primary key, "name" character varying, "created_at" timestamp(6) NOT NULL, "updated_at" timestamp(6) NOT NULL)[0m
  [1m[36mprimary::SchemaMigration Create (0.3ms)[0m  [1m[32mINSERT INTO "schema_migrations" ("version") VALUES ($1) RETURNING "version"[0m  [["version", "20200727171200"]]
  [1m[35m (0.7ms)[0m  [1m[35mCOMMIT[0m
Migrating to CreateFavorites (20200727172335)
  [1m[35m (6.1ms)[0m  [1m[35mBEGIN[0m
  [1m[35m (15.5ms)[0m  [1m[35mCREATE TABLE "favorites" ("id" bigserial primary key, "created_at" timestamp(6) NOT NULL, "updated_at" timestamp(6) NOT NULL)[0m
  [1m[36mprimary::SchemaMigration Create (0.4ms)[0m  [1m[32mINSERT INTO "schema_migrations" ("version") VALUES ($1) RETURNING "version"[0m  [["version", "20200727172335"]]
  [1m[35m (0.6ms)[0m  [1m[35mCOMMIT[0m
Migrating to CreatePictures (20200727172406)
  [1m[35m (6.5ms)[0m  [1m[35mBEGIN[0m
  [1m[35m (20.9ms)[0m  [1m[35mCREATE TABLE "pictures" ("id" bigserial primary key, "title" character varying, "like" integer, "imageUrl" character varying, "created_at" timestamp(6) NOT NULL, "updated_at" timestamp(6) NOT NULL)[0m
  [1m[36mprimary::SchemaMigration Create (0.4ms)[0m  [1m[32mINSERT INTO "schema_migrations" ("version") VALUES ($1) RETURNING "version"[0m  [["version", "20200727172406"]]
  [1m[35m (0.6ms)[0m  [1m[35mCOMMIT[0m
  [1m[36mActiveRecord::InternalMetadata Load (6.8ms)[0m  [1m[34mSELECT "ar_internal_metadata".* FROM "ar_internal_metadata" WHERE "ar_internal_metadata"."key" = $1 LIMIT $2[0m  [["key", "environment"], ["LIMIT", 1]]
  [1m[35m (0.3ms)[0m  [1m[34mSELECT pg_advisory_unlock(3088572876417905730)[0m
  [1m[35m (0.9ms)[0m  [1m[34mSELECT "schema_migrations"."version" FROM "schema_migrations" ORDER BY "schema_migrations"."version" ASC[0m
  [1m[35m (0.6ms)[0m  [1m[34mSELECT "schema_migrations"."version" FROM "schema_migrations" ORDER BY "schema_migrations"."version" ASC[0m
  [1m[35m (0.7ms)[0m  [1m[34mSELECT "schema_migrations"."version" FROM "schema_migrations" ORDER BY "schema_migrations"."version" ASC[0m
  [1m[35m (0.5ms)[0m  [1m[34mSELECT "schema_migrations"."version" FROM "schema_migrations" ORDER BY "schema_migrations"."version" ASC[0m
  [1m[35m (0.4ms)[0m  [1m[34mSELECT "schema_migrations"."version" FROM "schema_migrations" ORDER BY "schema_migrations"."version" ASC[0m
  [1m[35m (0.2ms)[0m  [1m[35mBEGIN[0m
  [1m[36mPicture Create (1.3ms)[0m  [1m[32mINSERT INTO "pictures" ("title", "like", "imageUrl", "created_at", "updated_at") VALUES ($1, $2, $3, $4, $5) RETURNING "id"[0m  [["title", "mountain"], ["like", 0], ["imageUrl", "https://cosmosmagazine.com/wp-content/uploads/2020/02/190218-mount-full-1440x810.jpg"], ["created_at", "2020-07-27 19:18:47.248931"], ["updated_at", "2020-07-27 19:18:47.248931"]]
  [1m[35m (0.5ms)[0m  [1m[35mCOMMIT[0m
  [1m[35m (0.1ms)[0m  [1m[35mBEGIN[0m
  [1m[36mPicture Create (0.3ms)[0m  [1m[32mINSERT INTO "pictures" ("title", "like", "imageUrl", "created_at", "updated_at") VALUES ($1, $2, $3, $4, $5) RETURNING "id"[0m  [["title", "oceans"], ["like", 0], ["imageUrl", "https://scx2.b-cdn.net/gfx/news/2019/bluefinancea.jpg"], ["created_at", "2020-07-27 19:18:47.253789"], ["updated_at", "2020-07-27 19:18:47.253789"]]
  [1m[35m (0.3ms)[0m  [1m[35mCOMMIT[0m
Started GET "/api/v1/pictures" for ::1 at 2020-07-27 15:18:58 -0400
  [1m[35m (0.5ms)[0m  [1m[34mSELECT "schema_migrations"."version" FROM "schema_migrations" ORDER BY "schema_migrations"."version" ASC[0m
Processing by Api::V1::PicturesController#index as HTML
  [1m[36mPicture Load (0.5ms)[0m  [1m[34mSELECT "pictures".* FROM "pictures"[0m
  ↳ app/controllers/api/v1/pictures_controller.rb:4:in `index'
Completed 200 OK in 13ms (Views: 6.2ms | ActiveRecord: 3.6ms | Allocations: 7133)


Started GET "/api/v1/pictures" for ::1 at 2020-07-27 15:20:26 -0400
Processing by Api::V1::PicturesController#index as HTML
  [1m[36mPicture Load (0.3ms)[0m  [1m[34mSELECT "pictures".* FROM "pictures"[0m
  ↳ app/controllers/api/v1/pictures_controller.rb:4:in `index'
Completed 200 OK in 2ms (Views: 1.5ms | ActiveRecord: 0.3ms | Allocations: 1090)


Started GET "/api/v1/pictures" for ::1 at 2020-07-27 15:21:41 -0400
Processing by Api::V1::PicturesController#index as HTML
  [1m[36mPicture Load (0.3ms)[0m  [1m[34mSELECT "pictures".* FROM "pictures"[0m
  ↳ app/controllers/api/v1/pictures_controller.rb:4:in `index'
Completed 200 OK in 2ms (Views: 1.3ms | ActiveRecord: 0.3ms | Allocations: 1090)


Started GET "/api/v1/pictures" for ::1 at 2020-07-27 15:22:00 -0400
  [1m[35m (1.0ms)[0m  [1m[34mSELECT "schema_migrations"."version" FROM "schema_migrations" ORDER BY "schema_migrations"."version" ASC[0m
Processing by Api::V1::PicturesController#index as HTML
  [1m[36mPicture Load (0.5ms)[0m  [1m[34mSELECT "pictures".* FROM "pictures"[0m
  ↳ app/controllers/api/v1/pictures_controller.rb:4:in `index'
Completed 200 OK in 15ms (Views: 6.8ms | ActiveRecord: 3.9ms | Allocations: 7135)


  [1m[35m (0.4ms)[0m  [1m[34mSELECT "schema_migrations"."version" FROM "schema_migrations" ORDER BY "schema_migrations"."version" ASC[0m
  [1m[36mPicture Load (0.4ms)[0m  [1m[34mSELECT "pictures".* FROM "pictures"[0m
  [1m[35m (0.2ms)[0m  [1m[35mBEGIN[0m
  [1m[36mPicture Destroy (2.6ms)[0m  [1m[31mDELETE FROM "pictures" WHERE "pictures"."id" = $1[0m  [["id", 1]]
  [1m[35m (11.3ms)[0m  [1m[35mCOMMIT[0m
  [1m[35m (0.2ms)[0m  [1m[35mBEGIN[0m
  [1m[36mPicture Destroy (0.2ms)[0m  [1m[31mDELETE FROM "pictures" WHERE "pictures"."id" = $1[0m  [["id", 2]]
  [1m[35m (6.1ms)[0m  [1m[35mCOMMIT[0m
  [1m[35m (0.1ms)[0m  [1m[35mBEGIN[0m
  [1m[36mPicture Create (0.4ms)[0m  [1m[32mINSERT INTO "pictures" ("title", "like", "imageUrl", "created_at", "updated_at") VALUES ($1, $2, $3, $4, $5) RETURNING "id"[0m  [["title", "mountain"], ["like", 0], ["imageUrl", "https://cosmosmagazine.com/wp-content/uploads/2020/02/190218-mount-full-1440x810.jpg"], ["created_at", "2020-07-27 19:24:56.237700"], ["updated_at", "2020-07-27 19:24:56.237700"]]
  [1m[35m (0.4ms)[0m  [1m[35mCOMMIT[0m
  [1m[35m (0.1ms)[0m  [1m[35mBEGIN[0m
  [1m[36mPicture Create (0.2ms)[0m  [1m[32mINSERT INTO "pictures" ("title", "like", "imageUrl", "created_at", "updated_at") VALUES ($1, $2, $3, $4, $5) RETURNING "id"[0m  [["title", "oceans"], ["like", 0], ["imageUrl", "https://scx2.b-cdn.net/gfx/news/2019/bluefinancea.jpg"], ["created_at", "2020-07-27 19:24:56.241683"], ["updated_at", "2020-07-27 19:24:56.241683"]]
  [1m[35m (0.4ms)[0m  [1m[35mCOMMIT[0m
Started GET "/api/v1/pictures" for ::1 at 2020-07-27 15:25:13 -0400
  [1m[35m (0.5ms)[0m  [1m[34mSELECT "schema_migrations"."version" FROM "schema_migrations" ORDER BY "schema_migrations"."version" ASC[0m
Processing by Api::V1::PicturesController#index as HTML
  [1m[36mPicture Load (0.6ms)[0m  [1m[34mSELECT "pictures".* FROM "pictures"[0m
  ↳ app/controllers/api/v1/pictures_controller.rb:4:in `index'
Completed 200 OK in 15ms (Views: 8.0ms | ActiveRecord: 3.7ms | Allocations: 7133)


Started GET "/api/v1/pictures" for ::1 at 2020-07-27 15:25:49 -0400
Processing by Api::V1::PicturesController#index as HTML
  [1m[36mPicture Load (0.3ms)[0m  [1m[34mSELECT "pictures".* FROM "pictures"[0m
  ↳ app/controllers/api/v1/pictures_controller.rb:4:in `index'
Completed 200 OK in 3ms (Views: 1.9ms | ActiveRecord: 0.3ms | Allocations: 1090)


Started GET "/api/v1/pictures" for ::1 at 2020-07-27 15:26:27 -0400
Processing by Api::V1::PicturesController#index as HTML
  [1m[36mPicture Load (0.3ms)[0m  [1m[34mSELECT "pictures".* FROM "pictures"[0m
  ↳ app/controllers/api/v1/pictures_controller.rb:4:in `index'
Completed 200 OK in 3ms (Views: 1.9ms | ActiveRecord: 0.3ms | Allocations: 1090)


Started GET "/api/v1/pictures" for ::1 at 2020-07-27 15:26:35 -0400
Processing by Api::V1::PicturesController#index as HTML
  [1m[36mPicture Load (0.5ms)[0m  [1m[34mSELECT "pictures".* FROM "pictures"[0m
  ↳ app/controllers/api/v1/pictures_controller.rb:4:in `index'
Completed 200 OK in 3ms (Views: 2.0ms | ActiveRecord: 0.5ms | Allocations: 1090)


Started GET "/api/v1/pictures" for ::1 at 2020-07-27 15:26:40 -0400
Processing by Api::V1::PicturesController#index as HTML
  [1m[36mPicture Load (0.4ms)[0m  [1m[34mSELECT "pictures".* FROM "pictures"[0m
  ↳ app/controllers/api/v1/pictures_controller.rb:4:in `index'
Completed 200 OK in 3ms (Views: 2.4ms | ActiveRecord: 0.4ms | Allocations: 1071)


Started GET "/api/v1/pictures" for ::1 at 2020-07-27 15:49:34 -0400
  [1m[35m (0.7ms)[0m  [1m[34mSELECT "schema_migrations"."version" FROM "schema_migrations" ORDER BY "schema_migrations"."version" ASC[0m
Processing by Api::V1::PicturesController#index as HTML
  [1m[36mPicture Load (0.7ms)[0m  [1m[34mSELECT "pictures".* FROM "pictures"[0m
  ↳ app/controllers/api/v1/pictures_controller.rb:4:in `index'
Completed 200 OK in 17ms (Views: 7.8ms | ActiveRecord: 4.3ms | Allocations: 7133)


Started GET "/api/v1/pictures" for ::1 at 2020-07-27 15:53:56 -0400
Processing by Api::V1::PicturesController#index as */*
  [1m[36mPicture Load (1.7ms)[0m  [1m[34mSELECT "pictures".* FROM "pictures"[0m
  ↳ app/controllers/api/v1/pictures_controller.rb:4:in `index'
Completed 200 OK in 6ms (Views: 4.0ms | ActiveRecord: 1.7ms | Allocations: 1092)


Started GET "/api/v1/pictures" for ::1 at 2020-07-27 15:54:23 -0400
Processing by Api::V1::PicturesController#index as */*
  [1m[36mPicture Load (0.3ms)[0m  [1m[34mSELECT "pictures".* FROM "pictures"[0m
  ↳ app/controllers/api/v1/pictures_controller.rb:4:in `index'
Completed 200 OK in 3ms (Views: 2.0ms | ActiveRecord: 0.3ms | Allocations: 1091)


Started GET "/api/v1/pictures" for ::1 at 2020-07-27 16:20:21 -0400
  [1m[35m (1.0ms)[0m  [1m[34mSELECT "schema_migrations"."version" FROM "schema_migrations" ORDER BY "schema_migrations"."version" ASC[0m
Processing by Api::V1::PicturesController#index as */*
  [1m[36mPicture Load (0.7ms)[0m  [1m[34mSELECT "pictures".* FROM "pictures"[0m
  ↳ app/controllers/api/v1/pictures_controller.rb:4:in `index'
Completed 200 OK in 20ms (Views: 9.2ms | ActiveRecord: 5.1ms | Allocations: 7135)


Started GET "/api/v1/pictures" for ::1 at 2020-07-27 16:21:58 -0400
Processing by Api::V1::PicturesController#index as */*
  [1m[36mPicture Load (0.4ms)[0m  [1m[34mSELECT "pictures".* FROM "pictures"[0m
  ↳ app/controllers/api/v1/pictures_controller.rb:4:in `index'
Completed 200 OK in 2ms (Views: 1.5ms | ActiveRecord: 0.4ms | Allocations: 1091)


Started GET "/api/v1/pictures" for ::1 at 2020-07-27 16:23:01 -0400
Processing by Api::V1::PicturesController#index as */*
  [1m[36mPicture Load (0.3ms)[0m  [1m[34mSELECT "pictures".* FROM "pictures"[0m
  ↳ app/controllers/api/v1/pictures_controller.rb:4:in `index'
Completed 200 OK in 2ms (Views: 1.4ms | ActiveRecord: 0.3ms | Allocations: 1091)


Started GET "/api/v1/pictures" for ::1 at 2020-07-27 16:24:13 -0400
Processing by Api::V1::PicturesController#index as */*
  [1m[36mPicture Load (0.6ms)[0m  [1m[34mSELECT "pictures".* FROM "pictures"[0m
  ↳ app/controllers/api/v1/pictures_controller.rb:4:in `index'
Completed 200 OK in 4ms (Views: 2.8ms | ActiveRecord: 0.6ms | Allocations: 1091)


Started GET "/api/v1/pictures" for ::1 at 2020-07-27 16:24:23 -0400
Processing by Api::V1::PicturesController#index as */*
  [1m[36mPicture Load (0.8ms)[0m  [1m[34mSELECT "pictures".* FROM "pictures"[0m
  ↳ app/controllers/api/v1/pictures_controller.rb:4:in `index'
Completed 200 OK in 6ms (Views: 4.9ms | ActiveRecord: 0.8ms | Allocations: 1073)


Started GET "/api/v1/pictures" for ::1 at 2020-07-27 16:24:52 -0400
Processing by Api::V1::PicturesController#index as */*
  [1m[36mPicture Load (0.5ms)[0m  [1m[34mSELECT "pictures".* FROM "pictures"[0m
  ↳ app/controllers/api/v1/pictures_controller.rb:4:in `index'
Completed 200 OK in 4ms (Views: 3.0ms | ActiveRecord: 0.5ms | Allocations: 1073)


Started GET "/api/v1/pictures" for ::1 at 2020-07-27 16:25:10 -0400
Processing by Api::V1::PicturesController#index as */*
  [1m[36mPicture Load (0.4ms)[0m  [1m[34mSELECT "pictures".* FROM "pictures"[0m
  ↳ app/controllers/api/v1/pictures_controller.rb:4:in `index'
Completed 200 OK in 5ms (Views: 3.9ms | ActiveRecord: 0.4ms | Allocations: 1091)


Started GET "/api/v1/pictures" for ::1 at 2020-07-27 16:26:16 -0400
Processing by Api::V1::PicturesController#index as */*
  [1m[36mPicture Load (0.5ms)[0m  [1m[34mSELECT "pictures".* FROM "pictures"[0m
  ↳ app/controllers/api/v1/pictures_controller.rb:4:in `index'
Completed 200 OK in 4ms (Views: 3.0ms | ActiveRecord: 0.5ms | Allocations: 1073)


Started GET "/api/v1/pictures" for ::1 at 2020-07-27 16:27:16 -0400
Processing by Api::V1::PicturesController#index as */*
  [1m[36mPicture Load (0.5ms)[0m  [1m[34mSELECT "pictures".* FROM "pictures"[0m
  ↳ app/controllers/api/v1/pictures_controller.rb:4:in `index'
Completed 200 OK in 6ms (Views: 5.1ms | ActiveRecord: 0.5ms | Allocations: 1073)


Started GET "/api/v1/pictures" for ::1 at 2020-07-27 16:27:25 -0400
Processing by Api::V1::PicturesController#index as */*
  [1m[36mPicture Load (1.3ms)[0m  [1m[34mSELECT "pictures".* FROM "pictures"[0m
  ↳ app/controllers/api/v1/pictures_controller.rb:4:in `index'
Completed 200 OK in 8ms (Views: 5.4ms | ActiveRecord: 1.3ms | Allocations: 1073)


Started GET "/api/v1/pictures" for ::1 at 2020-07-27 16:27:50 -0400
Processing by Api::V1::PicturesController#index as */*
  [1m[36mPicture Load (0.6ms)[0m  [1m[34mSELECT "pictures".* FROM "pictures"[0m
  ↳ app/controllers/api/v1/pictures_controller.rb:4:in `index'
Completed 200 OK in 4ms (Views: 2.9ms | ActiveRecord: 0.6ms | Allocations: 1073)


Started GET "/api/v1/pictures" for ::1 at 2020-07-27 16:29:55 -0400
Processing by Api::V1::PicturesController#index as */*
  [1m[36mPicture Load (0.4ms)[0m  [1m[34mSELECT "pictures".* FROM "pictures"[0m
  ↳ app/controllers/api/v1/pictures_controller.rb:4:in `index'
Completed 200 OK in 3ms (Views: 2.0ms | ActiveRecord: 0.4ms | Allocations: 1073)


  [1m[36mPicture Load (0.6ms)[0m  [1m[34mSELECT "pictures".* FROM "pictures" LIMIT $1[0m  [["LIMIT", 11]]
  [1m[36mPicture Load (0.5ms)[0m  [1m[34mSELECT "pictures".* FROM "pictures" ORDER BY "pictures"."id" ASC LIMIT $1[0m  [["LIMIT", 1]]
  [1m[36mPicture Load (0.6ms)[0m  [1m[34mSELECT "pictures".* FROM "pictures" ORDER BY "pictures"."id" ASC LIMIT $1[0m  [["LIMIT", 1]]
Started GET "/api/v1/pictures" for ::1 at 2020-07-27 16:40:10 -0400
Processing by Api::V1::PicturesController#index as */*
  [1m[36mPicture Load (0.6ms)[0m  [1m[34mSELECT "pictures".* FROM "pictures"[0m
  ↳ app/controllers/api/v1/pictures_controller.rb:4:in `index'
Completed 200 OK in 11ms (Views: 6.4ms | ActiveRecord: 0.6ms | Allocations: 6136)


Started GET "/api/v1/pictures" for ::1 at 2020-07-27 16:42:11 -0400
Processing by Api::V1::PicturesController#index as */*
  [1m[36mPicture Load (0.4ms)[0m  [1m[34mSELECT "pictures".* FROM "pictures"[0m
  ↳ app/controllers/api/v1/pictures_controller.rb:4:in `index'
Completed 200 OK in 4ms (Views: 3.0ms | ActiveRecord: 0.4ms | Allocations: 1073)


Started GET "/api/v1/pictures" for ::1 at 2020-07-27 16:42:12 -0400
Processing by Api::V1::PicturesController#index as */*
  [1m[36mPicture Load (0.5ms)[0m  [1m[34mSELECT "pictures".* FROM "pictures"[0m
  ↳ app/controllers/api/v1/pictures_controller.rb:4:in `index'
Completed 200 OK in 4ms (Views: 3.1ms | ActiveRecord: 0.5ms | Allocations: 1073)


Started GET "/api/v1/pictures" for ::1 at 2020-07-27 16:42:57 -0400
Processing by Api::V1::PicturesController#index as */*
  [1m[36mPicture Load (0.4ms)[0m  [1m[34mSELECT "pictures".* FROM "pictures"[0m
  ↳ app/controllers/api/v1/pictures_controller.rb:4:in `index'
Completed 200 OK in 3ms (Views: 2.0ms | ActiveRecord: 0.4ms | Allocations: 1073)


Started GET "/api/v1/pictures" for ::1 at 2020-07-27 16:43:23 -0400
Processing by Api::V1::PicturesController#index as */*
  [1m[36mPicture Load (0.4ms)[0m  [1m[34mSELECT "pictures".* FROM "pictures"[0m
  ↳ app/controllers/api/v1/pictures_controller.rb:4:in `index'
Completed 200 OK in 3ms (Views: 1.9ms | ActiveRecord: 0.4ms | Allocations: 1073)


Started GET "/api/v1/pictures" for ::1 at 2020-07-27 16:45:02 -0400
Processing by Api::V1::PicturesController#index as */*
  [1m[36mPicture Load (0.5ms)[0m  [1m[34mSELECT "pictures".* FROM "pictures"[0m
  ↳ app/controllers/api/v1/pictures_controller.rb:4:in `index'
Completed 200 OK in 3ms (Views: 2.3ms | ActiveRecord: 0.5ms | Allocations: 1073)


Started GET "/api/v1/pictures" for ::1 at 2020-07-27 16:48:13 -0400
Processing by Api::V1::PicturesController#index as */*
  [1m[36mPicture Load (0.5ms)[0m  [1m[34mSELECT "pictures".* FROM "pictures"[0m
  ↳ app/controllers/api/v1/pictures_controller.rb:4:in `index'
Completed 200 OK in 3ms (Views: 2.4ms | ActiveRecord: 0.5ms | Allocations: 1073)


Started GET "/api/v1/pictures" for ::1 at 2020-07-27 16:48:37 -0400
Processing by Api::V1::PicturesController#index as */*
  [1m[36mPicture Load (0.4ms)[0m  [1m[34mSELECT "pictures".* FROM "pictures"[0m
  ↳ app/controllers/api/v1/pictures_controller.rb:4:in `index'
Completed 200 OK in 3ms (Views: 2.4ms | ActiveRecord: 0.4ms | Allocations: 1073)


Started GET "/api/v1/pictures" for ::1 at 2020-07-27 16:48:59 -0400
Processing by Api::V1::PicturesController#index as */*
  [1m[36mPicture Load (0.7ms)[0m  [1m[34mSELECT "pictures".* FROM "pictures"[0m
  ↳ app/controllers/api/v1/pictures_controller.rb:4:in `index'
Completed 200 OK in 5ms (Views: 3.3ms | ActiveRecord: 0.7ms | Allocations: 1073)


Started GET "/api/v1/pictures" for ::1 at 2020-07-27 16:49:23 -0400
Processing by Api::V1::PicturesController#index as */*
  [1m[36mPicture Load (0.4ms)[0m  [1m[34mSELECT "pictures".* FROM "pictures"[0m
  ↳ app/controllers/api/v1/pictures_controller.rb:4:in `index'
Completed 200 OK in 39ms (Views: 38.0ms | ActiveRecord: 0.4ms | Allocations: 1076)


Started GET "/api/v1/pictures" for ::1 at 2020-07-27 16:50:04 -0400
Processing by Api::V1::PicturesController#index as */*
  [1m[36mPicture Load (0.4ms)[0m  [1m[34mSELECT "pictures".* FROM "pictures"[0m
  ↳ app/controllers/api/v1/pictures_controller.rb:4:in `index'
Completed 200 OK in 3ms (Views: 1.9ms | ActiveRecord: 0.4ms | Allocations: 1073)


Started GET "/api/v1/pictures" for ::1 at 2020-07-27 17:19:12 -0400
  [1m[35m (0.6ms)[0m  [1m[34mSELECT "schema_migrations"."version" FROM "schema_migrations" ORDER BY "schema_migrations"."version" ASC[0m
Processing by Api::V1::PicturesController#index as */*
  [1m[36mPicture Load (0.5ms)[0m  [1m[34mSELECT "pictures".* FROM "pictures"[0m
  ↳ app/controllers/api/v1/pictures_controller.rb:4:in `index'
Completed 200 OK in 15ms (Views: 6.6ms | ActiveRecord: 4.1ms | Allocations: 7135)


Started GET "/api/v1/pictures" for ::1 at 2020-07-27 17:26:28 -0400
  
ActiveRecord::NoDatabaseError (FATAL:  database "gallery_api_development" does not exist
):
  
activerecord (6.0.3.2) lib/active_record/connection_adapters/postgresql_adapter.rb:50:in `rescue in postgresql_connection'
activerecord (6.0.3.2) lib/active_record/connection_adapters/postgresql_adapter.rb:33:in `postgresql_connection'
activerecord (6.0.3.2) lib/active_record/connection_adapters/abstract/connection_pool.rb:887:in `new_connection'
activerecord (6.0.3.2) lib/active_record/connection_adapters/abstract/connection_pool.rb:931:in `checkout_new_connection'
activerecord (6.0.3.2) lib/active_record/connection_adapters/abstract/connection_pool.rb:910:in `try_to_checkout_new_connection'
activerecord (6.0.3.2) lib/active_record/connection_adapters/abstract/connection_pool.rb:871:in `acquire_connection'
activerecord (6.0.3.2) lib/active_record/connection_adapters/abstract/connection_pool.rb:593:in `checkout'
activerecord (6.0.3.2) lib/active_record/connection_adapters/abstract/connection_pool.rb:437:in `connection'
activerecord (6.0.3.2) lib/active_record/connection_adapters/abstract/connection_pool.rb:1119:in `retrieve_connection'
activerecord (6.0.3.2) lib/active_record/connection_handling.rb:221:in `retrieve_connection'
activerecord (6.0.3.2) lib/active_record/connection_handling.rb:189:in `connection'
activerecord (6.0.3.2) lib/active_record/migration.rb:562:in `call'
actionpack (6.0.3.2) lib/action_dispatch/middleware/callbacks.rb:27:in `block in call'
activesupport (6.0.3.2) lib/active_support/callbacks.rb:101:in `run_callbacks'
actionpack (6.0.3.2) lib/action_dispatch/middleware/callbacks.rb:26:in `call'
actionpack (6.0.3.2) lib/action_dispatch/middleware/executor.rb:14:in `call'
actionpack (6.0.3.2) lib/action_dispatch/middleware/actionable_exceptions.rb:17:in `call'
actionpack (6.0.3.2) lib/action_dispatch/middleware/debug_exceptions.rb:32:in `call'
actionpack (6.0.3.2) lib/action_dispatch/middleware/show_exceptions.rb:33:in `call'
railties (6.0.3.2) lib/rails/rack/logger.rb:37:in `call_app'
railties (6.0.3.2) lib/rails/rack/logger.rb:26:in `block in call'
activesupport (6.0.3.2) lib/active_support/tagged_logging.rb:80:in `block in tagged'
activesupport (6.0.3.2) lib/active_support/tagged_logging.rb:28:in `tagged'
activesupport (6.0.3.2) lib/active_support/tagged_logging.rb:80:in `tagged'
railties (6.0.3.2) lib/rails/rack/logger.rb:26:in `call'
actionpack (6.0.3.2) lib/action_dispatch/middleware/remote_ip.rb:81:in `call'
actionpack (6.0.3.2) lib/action_dispatch/middleware/request_id.rb:27:in `call'
rack (2.2.3) lib/rack/runtime.rb:22:in `call'
activesupport (6.0.3.2) lib/active_support/cache/strategy/local_cache_middleware.rb:29:in `call'
actionpack (6.0.3.2) lib/action_dispatch/middleware/executor.rb:14:in `call'
actionpack (6.0.3.2) lib/action_dispatch/middleware/static.rb:126:in `call'
rack (2.2.3) lib/rack/sendfile.rb:110:in `call'
actionpack (6.0.3.2) lib/action_dispatch/middleware/host_authorization.rb:82:in `call'
rack-cors (1.1.1) lib/rack/cors.rb:100:in `call'
railties (6.0.3.2) lib/rails/engine.rb:527:in `call'
puma (4.3.5) lib/puma/configuration.rb:228:in `call'
puma (4.3.5) lib/puma/server.rb:713:in `handle_request'
puma (4.3.5) lib/puma/server.rb:472:in `process_client'
puma (4.3.5) lib/puma/server.rb:328:in `block in run'
puma (4.3.5) lib/puma/thread_pool.rb:134:in `block in spawn_thread'
Started GET "/api/v1/pictures" for ::1 at 2020-07-27 17:26:31 -0400
  
ActiveRecord::NoDatabaseError (FATAL:  database "gallery_api_development" does not exist
):
  
activerecord (6.0.3.2) lib/active_record/connection_adapters/postgresql_adapter.rb:50:in `rescue in postgresql_connection'
activerecord (6.0.3.2) lib/active_record/connection_adapters/postgresql_adapter.rb:33:in `postgresql_connection'
activerecord (6.0.3.2) lib/active_record/connection_adapters/abstract/connection_pool.rb:887:in `new_connection'
activerecord (6.0.3.2) lib/active_record/connection_adapters/abstract/connection_pool.rb:931:in `checkout_new_connection'
activerecord (6.0.3.2) lib/active_record/connection_adapters/abstract/connection_pool.rb:910:in `try_to_checkout_new_connection'
activerecord (6.0.3.2) lib/active_record/connection_adapters/abstract/connection_pool.rb:871:in `acquire_connection'
activerecord (6.0.3.2) lib/active_record/connection_adapters/abstract/connection_pool.rb:593:in `checkout'
activerecord (6.0.3.2) lib/active_record/connection_adapters/abstract/connection_pool.rb:437:in `connection'
activerecord (6.0.3.2) lib/active_record/connection_adapters/abstract/connection_pool.rb:1119:in `retrieve_connection'
activerecord (6.0.3.2) lib/active_record/connection_handling.rb:221:in `retrieve_connection'
activerecord (6.0.3.2) lib/active_record/connection_handling.rb:189:in `connection'
activerecord (6.0.3.2) lib/active_record/migration.rb:562:in `call'
actionpack (6.0.3.2) lib/action_dispatch/middleware/callbacks.rb:27:in `block in call'
activesupport (6.0.3.2) lib/active_support/callbacks.rb:101:in `run_callbacks'
actionpack (6.0.3.2) lib/action_dispatch/middleware/callbacks.rb:26:in `call'
actionpack (6.0.3.2) lib/action_dispatch/middleware/executor.rb:14:in `call'
actionpack (6.0.3.2) lib/action_dispatch/middleware/actionable_exceptions.rb:17:in `call'
actionpack (6.0.3.2) lib/action_dispatch/middleware/debug_exceptions.rb:32:in `call'
actionpack (6.0.3.2) lib/action_dispatch/middleware/show_exceptions.rb:33:in `call'
railties (6.0.3.2) lib/rails/rack/logger.rb:37:in `call_app'
railties (6.0.3.2) lib/rails/rack/logger.rb:26:in `block in call'
activesupport (6.0.3.2) lib/active_support/tagged_logging.rb:80:in `block in tagged'
activesupport (6.0.3.2) lib/active_support/tagged_logging.rb:28:in `tagged'
activesupport (6.0.3.2) lib/active_support/tagged_logging.rb:80:in `tagged'
railties (6.0.3.2) lib/rails/rack/logger.rb:26:in `call'
actionpack (6.0.3.2) lib/action_dispatch/middleware/remote_ip.rb:81:in `call'
actionpack (6.0.3.2) lib/action_dispatch/middleware/request_id.rb:27:in `call'
rack (2.2.3) lib/rack/runtime.rb:22:in `call'
activesupport (6.0.3.2) lib/active_support/cache/strategy/local_cache_middleware.rb:29:in `call'
actionpack (6.0.3.2) lib/action_dispatch/middleware/executor.rb:14:in `call'
actionpack (6.0.3.2) lib/action_dispatch/middleware/static.rb:126:in `call'
rack (2.2.3) lib/rack/sendfile.rb:110:in `call'
actionpack (6.0.3.2) lib/action_dispatch/middleware/host_authorization.rb:82:in `call'
rack-cors (1.1.1) lib/rack/cors.rb:100:in `call'
railties (6.0.3.2) lib/rails/engine.rb:527:in `call'
puma (4.3.5) lib/puma/configuration.rb:228:in `call'
puma (4.3.5) lib/puma/server.rb:713:in `handle_request'
puma (4.3.5) lib/puma/server.rb:472:in `process_client'
puma (4.3.5) lib/puma/server.rb:328:in `block in run'
puma (4.3.5) lib/puma/thread_pool.rb:134:in `block in spawn_thread'
Started GET "/api/v1/pictures" for ::1 at 2020-07-27 17:27:23 -0400
  
ActiveRecord::NoDatabaseError (FATAL:  database "gallery_api_development" does not exist
):
  
activerecord (6.0.3.2) lib/active_record/connection_adapters/postgresql_adapter.rb:50:in `rescue in postgresql_connection'
activerecord (6.0.3.2) lib/active_record/connection_adapters/postgresql_adapter.rb:33:in `postgresql_connection'
activerecord (6.0.3.2) lib/active_record/connection_adapters/abstract/connection_pool.rb:887:in `new_connection'
activerecord (6.0.3.2) lib/active_record/connection_adapters/abstract/connection_pool.rb:931:in `checkout_new_connection'
activerecord (6.0.3.2) lib/active_record/connection_adapters/abstract/connection_pool.rb:910:in `try_to_checkout_new_connection'
activerecord (6.0.3.2) lib/active_record/connection_adapters/abstract/connection_pool.rb:871:in `acquire_connection'
activerecord (6.0.3.2) lib/active_record/connection_adapters/abstract/connection_pool.rb:593:in `checkout'
activerecord (6.0.3.2) lib/active_record/connection_adapters/abstract/connection_pool.rb:437:in `connection'
activerecord (6.0.3.2) lib/active_record/connection_adapters/abstract/connection_pool.rb:1119:in `retrieve_connection'
activerecord (6.0.3.2) lib/active_record/connection_handling.rb:221:in `retrieve_connection'
activerecord (6.0.3.2) lib/active_record/connection_handling.rb:189:in `connection'
activerecord (6.0.3.2) lib/active_record/migration.rb:562:in `call'
actionpack (6.0.3.2) lib/action_dispatch/middleware/callbacks.rb:27:in `block in call'
activesupport (6.0.3.2) lib/active_support/callbacks.rb:101:in `run_callbacks'
actionpack (6.0.3.2) lib/action_dispatch/middleware/callbacks.rb:26:in `call'
actionpack (6.0.3.2) lib/action_dispatch/middleware/executor.rb:14:in `call'
actionpack (6.0.3.2) lib/action_dispatch/middleware/actionable_exceptions.rb:17:in `call'
actionpack (6.0.3.2) lib/action_dispatch/middleware/debug_exceptions.rb:32:in `call'
actionpack (6.0.3.2) lib/action_dispatch/middleware/show_exceptions.rb:33:in `call'
railties (6.0.3.2) lib/rails/rack/logger.rb:37:in `call_app'
railties (6.0.3.2) lib/rails/rack/logger.rb:26:in `block in call'
activesupport (6.0.3.2) lib/active_support/tagged_logging.rb:80:in `block in tagged'
activesupport (6.0.3.2) lib/active_support/tagged_logging.rb:28:in `tagged'
activesupport (6.0.3.2) lib/active_support/tagged_logging.rb:80:in `tagged'
railties (6.0.3.2) lib/rails/rack/logger.rb:26:in `call'
actionpack (6.0.3.2) lib/action_dispatch/middleware/remote_ip.rb:81:in `call'
actionpack (6.0.3.2) lib/action_dispatch/middleware/request_id.rb:27:in `call'
rack (2.2.3) lib/rack/runtime.rb:22:in `call'
activesupport (6.0.3.2) lib/active_support/cache/strategy/local_cache_middleware.rb:29:in `call'
actionpack (6.0.3.2) lib/action_dispatch/middleware/executor.rb:14:in `call'
actionpack (6.0.3.2) lib/action_dispatch/middleware/static.rb:126:in `call'
rack (2.2.3) lib/rack/sendfile.rb:110:in `call'
actionpack (6.0.3.2) lib/action_dispatch/middleware/host_authorization.rb:82:in `call'
rack-cors (1.1.1) lib/rack/cors.rb:100:in `call'
railties (6.0.3.2) lib/rails/engine.rb:527:in `call'
puma (4.3.5) lib/puma/configuration.rb:228:in `call'
puma (4.3.5) lib/puma/server.rb:713:in `handle_request'
puma (4.3.5) lib/puma/server.rb:472:in `process_client'
puma (4.3.5) lib/puma/server.rb:328:in `block in run'
puma (4.3.5) lib/puma/thread_pool.rb:134:in `block in spawn_thread'
Started GET "/favicon.ico" for ::1 at 2020-07-27 17:27:25 -0400
  
ActiveRecord::NoDatabaseError (FATAL:  database "gallery_api_development" does not exist
):
  
activerecord (6.0.3.2) lib/active_record/connection_adapters/postgresql_adapter.rb:50:in `rescue in postgresql_connection'
activerecord (6.0.3.2) lib/active_record/connection_adapters/postgresql_adapter.rb:33:in `postgresql_connection'
activerecord (6.0.3.2) lib/active_record/connection_adapters/abstract/connection_pool.rb:887:in `new_connection'
activerecord (6.0.3.2) lib/active_record/connection_adapters/abstract/connection_pool.rb:931:in `checkout_new_connection'
activerecord (6.0.3.2) lib/active_record/connection_adapters/abstract/connection_pool.rb:910:in `try_to_checkout_new_connection'
activerecord (6.0.3.2) lib/active_record/connection_adapters/abstract/connection_pool.rb:871:in `acquire_connection'
activerecord (6.0.3.2) lib/active_record/connection_adapters/abstract/connection_pool.rb:593:in `checkout'
activerecord (6.0.3.2) lib/active_record/connection_adapters/abstract/connection_pool.rb:437:in `connection'
activerecord (6.0.3.2) lib/active_record/connection_adapters/abstract/connection_pool.rb:1119:in `retrieve_connection'
activerecord (6.0.3.2) lib/active_record/connection_handling.rb:221:in `retrieve_connection'
activerecord (6.0.3.2) lib/active_record/connection_handling.rb:189:in `connection'
activerecord (6.0.3.2) lib/active_record/migration.rb:562:in `call'
actionpack (6.0.3.2) lib/action_dispatch/middleware/callbacks.rb:27:in `block in call'
activesupport (6.0.3.2) lib/active_support/callbacks.rb:101:in `run_callbacks'
actionpack (6.0.3.2) lib/action_dispatch/middleware/callbacks.rb:26:in `call'
actionpack (6.0.3.2) lib/action_dispatch/middleware/executor.rb:14:in `call'
actionpack (6.0.3.2) lib/action_dispatch/middleware/actionable_exceptions.rb:17:in `call'
actionpack (6.0.3.2) lib/action_dispatch/middleware/debug_exceptions.rb:32:in `call'
actionpack (6.0.3.2) lib/action_dispatch/middleware/show_exceptions.rb:33:in `call'
railties (6.0.3.2) lib/rails/rack/logger.rb:37:in `call_app'
railties (6.0.3.2) lib/rails/rack/logger.rb:26:in `block in call'
activesupport (6.0.3.2) lib/active_support/tagged_logging.rb:80:in `block in tagged'
activesupport (6.0.3.2) lib/active_support/tagged_logging.rb:28:in `tagged'
activesupport (6.0.3.2) lib/active_support/tagged_logging.rb:80:in `tagged'
railties (6.0.3.2) lib/rails/rack/logger.rb:26:in `call'
actionpack (6.0.3.2) lib/action_dispatch/middleware/remote_ip.rb:81:in `call'
actionpack (6.0.3.2) lib/action_dispatch/middleware/request_id.rb:27:in `call'
rack (2.2.3) lib/rack/runtime.rb:22:in `call'
activesupport (6.0.3.2) lib/active_support/cache/strategy/local_cache_middleware.rb:29:in `call'
actionpack (6.0.3.2) lib/action_dispatch/middleware/executor.rb:14:in `call'
actionpack (6.0.3.2) lib/action_dispatch/middleware/static.rb:126:in `call'
rack (2.2.3) lib/rack/sendfile.rb:110:in `call'
actionpack (6.0.3.2) lib/action_dispatch/middleware/host_authorization.rb:82:in `call'
rack-cors (1.1.1) lib/rack/cors.rb:100:in `call'
railties (6.0.3.2) lib/rails/engine.rb:527:in `call'
puma (4.3.5) lib/puma/configuration.rb:228:in `call'
puma (4.3.5) lib/puma/server.rb:713:in `handle_request'
puma (4.3.5) lib/puma/server.rb:472:in `process_client'
puma (4.3.5) lib/puma/server.rb:328:in `block in run'
puma (4.3.5) lib/puma/thread_pool.rb:134:in `block in spawn_thread'
  [1m[35m (394.3ms)[0m  [1m[35mCREATE DATABASE "gallery_api_development" ENCODING = 'unicode'[0m
  [1m[35m (193.4ms)[0m  [1m[35mCREATE DATABASE "gallery_api_test" ENCODING = 'unicode'[0m
  [1m[35m (20.7ms)[0m  [1m[35mCREATE TABLE "schema_migrations" ("version" character varying NOT NULL PRIMARY KEY)[0m
  [1m[35m (44.2ms)[0m  [1m[35mCREATE TABLE "ar_internal_metadata" ("key" character varying NOT NULL PRIMARY KEY, "value" character varying, "created_at" timestamp(6) NOT NULL, "updated_at" timestamp(6) NOT NULL)[0m
  [1m[35m (0.4ms)[0m  [1m[34mSELECT pg_try_advisory_lock(3088572876417905730)[0m
  [1m[35m (1.4ms)[0m  [1m[34mSELECT "schema_migrations"."version" FROM "schema_migrations" ORDER BY "schema_migrations"."version" ASC[0m
Migrating to CreateUsers (20200727171200)
  [1m[35m (0.3ms)[0m  [1m[35mBEGIN[0m
  [1m[35m (47.0ms)[0m  [1m[35mCREATE TABLE "users" ("id" bigserial primary key, "name" character varying, "created_at" timestamp(6) NOT NULL, "updated_at" timestamp(6) NOT NULL)[0m
  [1m[36mprimary::SchemaMigration Create (0.7ms)[0m  [1m[32mINSERT INTO "schema_migrations" ("version") VALUES ($1) RETURNING "version"[0m  [["version", "20200727171200"]]
  [1m[35m (0.6ms)[0m  [1m[35mCOMMIT[0m
Migrating to CreateFavorites (20200727172335)
  [1m[35m (61.4ms)[0m  [1m[35mBEGIN[0m
  [1m[35m (2.8ms)[0m  [1m[35mCREATE TABLE "favorites" ("id" bigserial primary key, "created_at" timestamp(6) NOT NULL, "updated_at" timestamp(6) NOT NULL)[0m
  [1m[36mprimary::SchemaMigration Create (0.3ms)[0m  [1m[32mINSERT INTO "schema_migrations" ("version") VALUES ($1) RETURNING "version"[0m  [["version", "20200727172335"]]
  [1m[35m (1.8ms)[0m  [1m[35mCOMMIT[0m
Migrating to CreatePictures (20200727172406)
  [1m[35m (31.8ms)[0m  [1m[35mBEGIN[0m
  [1m[35m (4.0ms)[0m  [1m[35mCREATE TABLE "pictures" ("id" bigserial primary key, "title" character varying, "like" integer, "imageUrl" character varying, "created_at" timestamp(6) NOT NULL, "updated_at" timestamp(6) NOT NULL)[0m
  [1m[36mprimary::SchemaMigration Create (1.2ms)[0m  [1m[32mINSERT INTO "schema_migrations" ("version") VALUES ($1) RETURNING "version"[0m  [["version", "20200727172406"]]
  [1m[35m (13.0ms)[0m  [1m[35mCOMMIT[0m
  [1m[36mActiveRecord::InternalMetadata Load (0.8ms)[0m  [1m[34mSELECT "ar_internal_metadata".* FROM "ar_internal_metadata" WHERE "ar_internal_metadata"."key" = $1 LIMIT $2[0m  [["key", "environment"], ["LIMIT", 1]]
  [1m[35m (0.2ms)[0m  [1m[35mBEGIN[0m
  [1m[36mActiveRecord::InternalMetadata Create (2.2ms)[0m  [1m[32mINSERT INTO "ar_internal_metadata" ("key", "value", "created_at", "updated_at") VALUES ($1, $2, $3, $4) RETURNING "key"[0m  [["key", "environment"], ["value", "development"], ["created_at", "2020-07-27 21:30:18.739103"], ["updated_at", "2020-07-27 21:30:18.739103"]]
  [1m[35m (0.6ms)[0m  [1m[35mCOMMIT[0m
  [1m[35m (1.3ms)[0m  [1m[34mSELECT pg_advisory_unlock(3088572876417905730)[0m
  [1m[35m (2.5ms)[0m  [1m[34mSELECT "schema_migrations"."version" FROM "schema_migrations" ORDER BY "schema_migrations"."version" ASC[0m
  [1m[35m (0.7ms)[0m  [1m[34mSELECT "schema_migrations"."version" FROM "schema_migrations" ORDER BY "schema_migrations"."version" ASC[0m
  [1m[36mPicture Load (0.6ms)[0m  [1m[34mSELECT "pictures".* FROM "pictures"[0m
  [1m[35m (0.2ms)[0m  [1m[35mBEGIN[0m
  [1m[36mPicture Create (0.6ms)[0m  [1m[32mINSERT INTO "pictures" ("title", "like", "imageUrl", "created_at", "updated_at") VALUES ($1, $2, $3, $4, $5) RETURNING "id"[0m  [["title", "mountain"], ["like", 0], ["imageUrl", "https://cosmosmagazine.com/wp-content/uploads/2020/02/190218-mount-full-1440x810.jpg"], ["created_at", "2020-07-27 21:30:29.586481"], ["updated_at", "2020-07-27 21:30:29.586481"]]
  [1m[35m (0.5ms)[0m  [1m[35mCOMMIT[0m
  [1m[35m (0.4ms)[0m  [1m[35mBEGIN[0m
  [1m[36mPicture Create (0.7ms)[0m  [1m[32mINSERT INTO "pictures" ("title", "like", "imageUrl", "created_at", "updated_at") VALUES ($1, $2, $3, $4, $5) RETURNING "id"[0m  [["title", "oceans"], ["like", 0], ["imageUrl", "https://scx2.b-cdn.net/gfx/news/2019/bluefinancea.jpg"], ["created_at", "2020-07-27 21:30:29.618642"], ["updated_at", "2020-07-27 21:30:29.618642"]]
  [1m[35m (0.5ms)[0m  [1m[35mCOMMIT[0m
  [1m[35m (0.2ms)[0m  [1m[35mBEGIN[0m
  [1m[36mPicture Create (0.7ms)[0m  [1m[32mINSERT INTO "pictures" ("title", "like", "imageUrl", "created_at", "updated_at") VALUES ($1, $2, $3, $4, $5) RETURNING "id"[0m  [["title", "walk in the park"], ["like", 0], ["imageUrl", "https://images-na.ssl-images-amazon.com/images/I/716tsQsStCL.jpg"], ["created_at", "2020-07-27 21:30:29.654330"], ["updated_at", "2020-07-27 21:30:29.654330"]]
  [1m[35m (0.4ms)[0m  [1m[35mCOMMIT[0m
  [1m[35m (0.5ms)[0m  [1m[35mBEGIN[0m
  [1m[36mPicture Create (0.3ms)[0m  [1m[32mINSERT INTO "pictures" ("title", "like", "imageUrl", "created_at", "updated_at") VALUES ($1, $2, $3, $4, $5) RETURNING "id"[0m  [["title", "Starry Night"], ["like", 0], ["imageUrl", "https://www.vangoghgallery.com/img/starry_night_full.jpg"], ["created_at", "2020-07-27 21:30:29.676433"], ["updated_at", "2020-07-27 21:30:29.676433"]]
  [1m[35m (0.4ms)[0m  [1m[35mCOMMIT[0m
  [1m[35m (0.3ms)[0m  [1m[35mBEGIN[0m
  [1m[36mPicture Create (0.3ms)[0m  [1m[32mINSERT INTO "pictures" ("title", "like", "imageUrl", "created_at", "updated_at") VALUES ($1, $2, $3, $4, $5) RETURNING "id"[0m  [["title", "Sponge Out of Water"], ["like", 0], ["imageUrl", "https://mymodernmet.com/wp/wp-content/uploads/2019/12/dave-pollot-thrift-store-paintings-1.jpg"], ["created_at", "2020-07-27 21:30:29.682227"], ["updated_at", "2020-07-27 21:30:29.682227"]]
  [1m[35m (0.4ms)[0m  [1m[35mCOMMIT[0m
  [1m[35m (0.3ms)[0m  [1m[35mBEGIN[0m
  [1m[36mPicture Create (0.4ms)[0m  [1m[32mINSERT INTO "pictures" ("title", "like", "imageUrl", "created_at", "updated_at") VALUES ($1, $2, $3, $4, $5) RETURNING "id"[0m  [["title", "Traditional Waterfall"], ["like", 0], ["imageUrl", "https://www.jotform.com/blog/wp-content/uploads/2010/03/photo-1524664399170-77e7118fdb6d.jpeg"], ["created_at", "2020-07-27 21:30:29.687100"], ["updated_at", "2020-07-27 21:30:29.687100"]]
  [1m[35m (1.1ms)[0m  [1m[35mCOMMIT[0m
  [1m[35m (0.2ms)[0m  [1m[35mBEGIN[0m
  [1m[36mPicture Create (0.3ms)[0m  [1m[32mINSERT INTO "pictures" ("title", "like", "imageUrl", "created_at", "updated_at") VALUES ($1, $2, $3, $4, $5) RETURNING "id"[0m  [["title", "Blooming Courtyard"], ["like", 0], ["imageUrl", "https://emptyeasel.com/wp-content/uploads/2019/02/harry-perry-painting.jpg"], ["created_at", "2020-07-27 21:30:29.694706"], ["updated_at", "2020-07-27 21:30:29.694706"]]
  [1m[35m (0.3ms)[0m  [1m[35mCOMMIT[0m
  [1m[35m (2.0ms)[0m  [1m[35mBEGIN[0m
  [1m[36mPicture Create (0.4ms)[0m  [1m[32mINSERT INTO "pictures" ("title", "like", "imageUrl", "created_at", "updated_at") VALUES ($1, $2, $3, $4, $5) RETURNING "id"[0m  [["title", "Burning Forest"], ["like", 0], ["imageUrl", "https://previews.123rf.com/images/number168/number1681611/number168161100048/69741927-oil-painting-landscape-colorful-autumn-trees-semi-abstract-paintings-image-of-forest-aspen-tree-with.jpg"], ["created_at", "2020-07-27 21:30:29.700880"], ["updated_at", "2020-07-27 21:30:29.700880"]]
  [1m[35m (1.1ms)[0m  [1m[35mCOMMIT[0m
  [1m[35m (0.2ms)[0m  [1m[35mBEGIN[0m
  [1m[36mPicture Create (0.4ms)[0m  [1m[32mINSERT INTO "pictures" ("title", "like", "imageUrl", "created_at", "updated_at") VALUES ($1, $2, $3, $4, $5) RETURNING "id"[0m  [["title", "Pink Sky"], ["like", 0], ["imageUrl", "https://cdn.cnn.com/cnnnext/dam/assets/190904125001-bob-ross-sunsetaglow-2612.jpg"], ["created_at", "2020-07-27 21:30:29.713759"], ["updated_at", "2020-07-27 21:30:29.713759"]]
  [1m[35m (0.3ms)[0m  [1m[35mCOMMIT[0m
  [1m[35m (0.3ms)[0m  [1m[35mBEGIN[0m
  [1m[36mPicture Create (1.8ms)[0m  [1m[32mINSERT INTO "pictures" ("title", "like", "imageUrl", "created_at", "updated_at") VALUES ($1, $2, $3, $4, $5) RETURNING "id"[0m  [["title", "Snow Cabin"], ["like", 0], ["imageUrl", "https://images-na.ssl-images-amazon.com/images/I/71TDfrzIvzL._AC_SX522_.jpg"], ["created_at", "2020-07-27 21:30:29.720665"], ["updated_at", "2020-07-27 21:30:29.720665"]]
  [1m[35m (0.9ms)[0m  [1m[35mCOMMIT[0m
  [1m[35m (0.2ms)[0m  [1m[35mBEGIN[0m
  [1m[36mPicture Create (0.3ms)[0m  [1m[32mINSERT INTO "pictures" ("title", "like", "imageUrl", "created_at", "updated_at") VALUES ($1, $2, $3, $4, $5) RETURNING "id"[0m  [["title", "Sunset by the Beach"], ["like", 0], ["imageUrl", "https://cordovanartschool.com/wp-content/uploads/2020/02/march-16.png"], ["created_at", "2020-07-27 21:30:29.733621"], ["updated_at", "2020-07-27 21:30:29.733621"]]
  [1m[35m (0.4ms)[0m  [1m[35mCOMMIT[0m
  [1m[35m (0.3ms)[0m  [1m[35mBEGIN[0m
  [1m[36mPicture Create (0.4ms)[0m  [1m[32mINSERT INTO "pictures" ("title", "like", "imageUrl", "created_at", "updated_at") VALUES ($1, $2, $3, $4, $5) RETURNING "id"[0m  [["title", "Canyon"], ["like", 0], ["imageUrl", "https://manofmany.com/wp-content/uploads/2019/08/Where-Are-All-the-Bob-Ross-Paintings-1.jpg"], ["created_at", "2020-07-27 21:30:29.738184"], ["updated_at", "2020-07-27 21:30:29.738184"]]
  [1m[35m (0.4ms)[0m  [1m[35mCOMMIT[0m
  [1m[35m (0.2ms)[0m  [1m[35mBEGIN[0m
  [1m[36mPicture Create (0.3ms)[0m  [1m[32mINSERT INTO "pictures" ("title", "like", "imageUrl", "created_at", "updated_at") VALUES ($1, $2, $3, $4, $5) RETURNING "id"[0m  [["title", "Wonder Bread"], ["like", 0], ["imageUrl", "https://render.fineartamerica.com/images/images-profile-flow/400/images-medium-large-5/wonder-women-kelly-gilleran.jpg"], ["created_at", "2020-07-27 21:30:29.744618"], ["updated_at", "2020-07-27 21:30:29.744618"]]
  [1m[35m (0.5ms)[0m  [1m[35mCOMMIT[0m
  [1m[35m (2.9ms)[0m  [1m[35mBEGIN[0m
  [1m[36mPicture Create (4.6ms)[0m  [1m[32mINSERT INTO "pictures" ("title", "like", "imageUrl", "created_at", "updated_at") VALUES ($1, $2, $3, $4, $5) RETURNING "id"[0m  [["title", "Casette"], ["like", 0], ["imageUrl", "https://images.saatchiart.com/saatchi/1121797/art/5148229/4218049-BYKZAJQN-7.jpg"], ["created_at", "2020-07-27 21:30:29.750819"], ["updated_at", "2020-07-27 21:30:29.750819"]]
  [1m[35m (0.3ms)[0m  [1m[35mCOMMIT[0m
  [1m[35m (0.2ms)[0m  [1m[35mBEGIN[0m
  [1m[36mPicture Create (0.3ms)[0m  [1m[32mINSERT INTO "pictures" ("title", "like", "imageUrl", "created_at", "updated_at") VALUES ($1, $2, $3, $4, $5) RETURNING "id"[0m  [["title", "Camera"], ["like", 0], ["imageUrl", "https://images.fineartamerica.com/images-medium-large/cameras-retro-viki-vehnovsky.jpg"], ["created_at", "2020-07-27 21:30:29.764903"], ["updated_at", "2020-07-27 21:30:29.764903"]]
  [1m[35m (0.4ms)[0m  [1m[35mCOMMIT[0m
  [1m[35m (0.4ms)[0m  [1m[35mBEGIN[0m
  [1m[36mPicture Create (0.3ms)[0m  [1m[32mINSERT INTO "pictures" ("title", "like", "imageUrl", "created_at", "updated_at") VALUES ($1, $2, $3, $4, $5) RETURNING "id"[0m  [["title", "Bumble Bee"], ["like", 0], ["imageUrl", "https://images.saatchiart.com/saatchi/1303329/art/6411313/5481069-LCMURXRA-7.jpg"], ["created_at", "2020-07-27 21:30:29.769544"], ["updated_at", "2020-07-27 21:30:29.769544"]]
  [1m[35m (0.5ms)[0m  [1m[35mCOMMIT[0m
  [1m[35m (0.2ms)[0m  [1m[35mBEGIN[0m
  [1m[36mPicture Create (0.3ms)[0m  [1m[32mINSERT INTO "pictures" ("title", "like", "imageUrl", "created_at", "updated_at") VALUES ($1, $2, $3, $4, $5) RETURNING "id"[0m  [["title", "Angela"], ["like", 0], ["imageUrl", "https://images.fineartamerica.com/images/artworkimages/mediumlarge/1/angela-jamie-alexander.jpg"], ["created_at", "2020-07-27 21:30:29.775859"], ["updated_at", "2020-07-27 21:30:29.775859"]]
  [1m[35m (0.4ms)[0m  [1m[35mCOMMIT[0m
  [1m[35m (0.1ms)[0m  [1m[35mBEGIN[0m
  [1m[36mPicture Create (0.3ms)[0m  [1m[32mINSERT INTO "pictures" ("title", "like", "imageUrl", "created_at", "updated_at") VALUES ($1, $2, $3, $4, $5) RETURNING "id"[0m  [["title", "Black and White"], ["like", 0], ["imageUrl", "https://previews.123rf.com/images/shooarts/shooarts1204/shooarts120400021/13072013-black-and-white-abstract-brush-painting.jpg"], ["created_at", "2020-07-27 21:30:29.780791"], ["updated_at", "2020-07-27 21:30:29.780791"]]
  [1m[35m (0.4ms)[0m  [1m[35mCOMMIT[0m
  [1m[35m (0.2ms)[0m  [1m[35mBEGIN[0m
  [1m[36mPicture Create (0.9ms)[0m  [1m[32mINSERT INTO "pictures" ("title", "like", "imageUrl", "created_at", "updated_at") VALUES ($1, $2, $3, $4, $5) RETURNING "id"[0m  [["title", "Woody"], ["like", 0], ["imageUrl", "https://i.pinimg.com/originals/0a/3e/77/0a3e7722099f6d5dfcfcb30752eb2a6b.jpg"], ["created_at", "2020-07-27 21:30:29.785301"], ["updated_at", "2020-07-27 21:30:29.785301"]]
  [1m[35m (0.4ms)[0m  [1m[35mCOMMIT[0m
  [1m[35m (0.9ms)[0m  [1m[35mBEGIN[0m
  [1m[36mPicture Create (33.0ms)[0m  [1m[32mINSERT INTO "pictures" ("title", "like", "imageUrl", "created_at", "updated_at") VALUES ($1, $2, $3, $4, $5) RETURNING "id"[0m  [["title", "Chicken"], ["like", 0], ["imageUrl", "https://brucemillerartist.com/media/content/White%20Chicken%20ll.png"], ["created_at", "2020-07-27 21:30:29.801052"], ["updated_at", "2020-07-27 21:30:29.801052"]]
  [1m[35m (0.6ms)[0m  [1m[35mCOMMIT[0m
  [1m[36mPicture Load (0.4ms)[0m  [1m[34mSELECT "pictures".* FROM "pictures" LIMIT $1[0m  [["LIMIT", 11]]
Started GET "/api/v1/pictures" for ::1 at 2020-07-27 17:31:08 -0400
  [1m[35m (11.0ms)[0m  [1m[34mSELECT "schema_migrations"."version" FROM "schema_migrations" ORDER BY "schema_migrations"."version" ASC[0m
Processing by Api::V1::PicturesController#index as HTML
  [1m[36mPicture Load (11.8ms)[0m  [1m[34mSELECT "pictures".* FROM "pictures"[0m
  ↳ app/controllers/api/v1/pictures_controller.rb:4:in `index'
Completed 200 OK in 204ms (Views: 91.0ms | ActiveRecord: 48.5ms | Allocations: 9401)


Started GET "/favicon.ico" for ::1 at 2020-07-27 17:31:09 -0400
  
ActionController::RoutingError (No route matches [GET] "/favicon.ico"):
  
actionpack (6.0.3.2) lib/action_dispatch/middleware/debug_exceptions.rb:36:in `call'
actionpack (6.0.3.2) lib/action_dispatch/middleware/show_exceptions.rb:33:in `call'
railties (6.0.3.2) lib/rails/rack/logger.rb:37:in `call_app'
railties (6.0.3.2) lib/rails/rack/logger.rb:26:in `block in call'
activesupport (6.0.3.2) lib/active_support/tagged_logging.rb:80:in `block in tagged'
activesupport (6.0.3.2) lib/active_support/tagged_logging.rb:28:in `tagged'
activesupport (6.0.3.2) lib/active_support/tagged_logging.rb:80:in `tagged'
railties (6.0.3.2) lib/rails/rack/logger.rb:26:in `call'
actionpack (6.0.3.2) lib/action_dispatch/middleware/remote_ip.rb:81:in `call'
actionpack (6.0.3.2) lib/action_dispatch/middleware/request_id.rb:27:in `call'
rack (2.2.3) lib/rack/runtime.rb:22:in `call'
activesupport (6.0.3.2) lib/active_support/cache/strategy/local_cache_middleware.rb:29:in `call'
actionpack (6.0.3.2) lib/action_dispatch/middleware/executor.rb:14:in `call'
actionpack (6.0.3.2) lib/action_dispatch/middleware/static.rb:126:in `call'
rack (2.2.3) lib/rack/sendfile.rb:110:in `call'
actionpack (6.0.3.2) lib/action_dispatch/middleware/host_authorization.rb:82:in `call'
rack-cors (1.1.1) lib/rack/cors.rb:100:in `call'
railties (6.0.3.2) lib/rails/engine.rb:527:in `call'
puma (4.3.5) lib/puma/configuration.rb:228:in `call'
puma (4.3.5) lib/puma/server.rb:713:in `handle_request'
puma (4.3.5) lib/puma/server.rb:472:in `process_client'
puma (4.3.5) lib/puma/server.rb:328:in `block in run'
puma (4.3.5) lib/puma/thread_pool.rb:134:in `block in spawn_thread'
Started GET "/api/v1/pictures" for ::1 at 2020-07-27 17:31:11 -0400
Processing by Api::V1::PicturesController#index as */*
  [1m[36mPicture Load (0.4ms)[0m  [1m[34mSELECT "pictures".* FROM "pictures"[0m
  ↳ app/controllers/api/v1/pictures_controller.rb:4:in `index'
Completed 200 OK in 6ms (Views: 5.1ms | ActiveRecord: 0.4ms | Allocations: 3396)


Started GET "/api/v1/pictures" for ::1 at 2020-07-27 17:42:56 -0400
Processing by Api::V1::PicturesController#index as */*
  [1m[36mPicture Load (4.2ms)[0m  [1m[34mSELECT "pictures".* FROM "pictures"[0m
  ↳ app/controllers/api/v1/pictures_controller.rb:4:in `index'
Completed 200 OK in 10ms (Views: 5.6ms | ActiveRecord: 4.2ms | Allocations: 3428)


Started GET "/api/v1/pictures" for ::1 at 2020-07-27 17:48:32 -0400
Processing by Api::V1::PicturesController#index as */*
  [1m[36mPicture Load (1.3ms)[0m  [1m[34mSELECT "pictures".* FROM "pictures"[0m
  ↳ app/controllers/api/v1/pictures_controller.rb:4:in `index'
Completed 200 OK in 19ms (Views: 17.7ms | ActiveRecord: 1.3ms | Allocations: 3428)


Started GET "/api/v1/pictures" for ::1 at 2020-07-27 17:49:05 -0400
Processing by Api::V1::PicturesController#index as */*
  [1m[36mPicture Load (6.0ms)[0m  [1m[34mSELECT "pictures".* FROM "pictures"[0m
  ↳ app/controllers/api/v1/pictures_controller.rb:4:in `index'
Completed 200 OK in 10ms (Views: 4.0ms | ActiveRecord: 6.0ms | Allocations: 3359)


Started GET "/api/v1/pictures" for ::1 at 2020-07-27 17:49:16 -0400
Processing by Api::V1::PicturesController#index as */*
  [1m[36mPicture Load (20.6ms)[0m  [1m[34mSELECT "pictures".* FROM "pictures"[0m
  ↳ app/controllers/api/v1/pictures_controller.rb:4:in `index'
Completed 200 OK in 26ms (Views: 5.2ms | ActiveRecord: 20.6ms | Allocations: 3343)


Started GET "/api/v1/pictures" for ::1 at 2020-07-27 17:55:45 -0400
Processing by Api::V1::PicturesController#index as */*
  [1m[36mPicture Load (2.5ms)[0m  [1m[34mSELECT "pictures".* FROM "pictures"[0m
  ↳ app/controllers/api/v1/pictures_controller.rb:4:in `index'
Completed 200 OK in 15ms (Views: 11.9ms | ActiveRecord: 2.5ms | Allocations: 3416)


Started GET "/api/v1/pictures" for ::1 at 2020-07-27 17:58:01 -0400
Processing by Api::V1::PicturesController#index as */*
  [1m[36mPicture Load (11.7ms)[0m  [1m[34mSELECT "pictures".* FROM "pictures"[0m
  ↳ app/controllers/api/v1/pictures_controller.rb:4:in `index'
Completed 200 OK in 18ms (Views: 5.7ms | ActiveRecord: 11.7ms | Allocations: 3346)


Started GET "/api/v1/pictures" for ::1 at 2020-07-27 17:58:11 -0400
Processing by Api::V1::PicturesController#index as */*
  [1m[36mPicture Load (1.2ms)[0m  [1m[34mSELECT "pictures".* FROM "pictures"[0m
  ↳ app/controllers/api/v1/pictures_controller.rb:4:in `index'
Completed 200 OK in 9ms (Views: 7.4ms | ActiveRecord: 1.2ms | Allocations: 3343)


Started GET "/api/v1/pictures" for ::1 at 2020-07-27 17:58:27 -0400
Processing by Api::V1::PicturesController#index as */*
  [1m[36mPicture Load (3.1ms)[0m  [1m[34mSELECT "pictures".* FROM "pictures"[0m
  ↳ app/controllers/api/v1/pictures_controller.rb:4:in `index'
Completed 200 OK in 15ms (Views: 11.2ms | ActiveRecord: 3.1ms | Allocations: 3343)


Started GET "/api/v1/pictures" for ::1 at 2020-07-27 17:59:50 -0400
Processing by Api::V1::PicturesController#index as */*
  [1m[36mPicture Load (11.9ms)[0m  [1m[34mSELECT "pictures".* FROM "pictures"[0m
  ↳ app/controllers/api/v1/pictures_controller.rb:4:in `index'
Completed 200 OK in 25ms (Views: 12.7ms | ActiveRecord: 11.9ms | Allocations: 3343)


Started GET "/api/v1/pictures" for ::1 at 2020-07-27 18:00:07 -0400
Processing by Api::V1::PicturesController#index as */*
  [1m[36mPicture Load (0.8ms)[0m  [1m[34mSELECT "pictures".* FROM "pictures"[0m
  ↳ app/controllers/api/v1/pictures_controller.rb:4:in `index'
Completed 200 OK in 10ms (Views: 9.1ms | ActiveRecord: 0.8ms | Allocations: 3343)


Started GET "/api/v1/pictures" for ::1 at 2020-07-27 18:00:23 -0400
Processing by Api::V1::PicturesController#index as */*
  [1m[36mPicture Load (1.1ms)[0m  [1m[34mSELECT "pictures".* FROM "pictures"[0m
  ↳ app/controllers/api/v1/pictures_controller.rb:4:in `index'
Completed 200 OK in 12ms (Views: 10.8ms | ActiveRecord: 1.1ms | Allocations: 3343)


Started GET "/api/v1/pictures" for ::1 at 2020-07-27 18:03:25 -0400
Processing by Api::V1::PicturesController#index as */*
  [1m[36mPicture Load (0.6ms)[0m  [1m[34mSELECT "pictures".* FROM "pictures"[0m
  ↳ app/controllers/api/v1/pictures_controller.rb:4:in `index'
Completed 200 OK in 7ms (Views: 5.9ms | ActiveRecord: 0.6ms | Allocations: 3343)


Started GET "/api/v1/pictures" for ::1 at 2020-07-27 18:04:34 -0400
Processing by Api::V1::PicturesController#index as */*
  [1m[36mPicture Load (27.9ms)[0m  [1m[34mSELECT "pictures".* FROM "pictures"[0m
  ↳ app/controllers/api/v1/pictures_controller.rb:4:in `index'
Completed 200 OK in 89ms (Views: 60.3ms | ActiveRecord: 27.9ms | Allocations: 3346)


Started GET "/api/v1/pictures" for ::1 at 2020-07-27 18:05:14 -0400
Processing by Api::V1::PicturesController#index as */*
  [1m[36mPicture Load (1.3ms)[0m  [1m[34mSELECT "pictures".* FROM "pictures"[0m
  ↳ app/controllers/api/v1/pictures_controller.rb:4:in `index'
Completed 200 OK in 7ms (Views: 4.9ms | ActiveRecord: 1.3ms | Allocations: 3343)


Started GET "/api/v1/pictures" for ::1 at 2020-07-27 18:05:47 -0400
Processing by Api::V1::PicturesController#index as */*
  [1m[36mPicture Load (0.7ms)[0m  [1m[34mSELECT "pictures".* FROM "pictures"[0m
  ↳ app/controllers/api/v1/pictures_controller.rb:4:in `index'
Completed 200 OK in 6ms (Views: 4.8ms | ActiveRecord: 0.7ms | Allocations: 3343)


Started GET "/api/v1/pictures" for ::1 at 2020-07-27 18:06:02 -0400
Processing by Api::V1::PicturesController#index as */*
  [1m[36mPicture Load (0.9ms)[0m  [1m[34mSELECT "pictures".* FROM "pictures"[0m
  ↳ app/controllers/api/v1/pictures_controller.rb:4:in `index'
Completed 200 OK in 8ms (Views: 7.0ms | ActiveRecord: 0.9ms | Allocations: 3343)


Started GET "/api/v1/pictures" for ::1 at 2020-07-27 18:08:31 -0400
Processing by Api::V1::PicturesController#index as */*
  [1m[36mPicture Load (1.2ms)[0m  [1m[34mSELECT "pictures".* FROM "pictures"[0m
  ↳ app/controllers/api/v1/pictures_controller.rb:4:in `index'
Completed 200 OK in 7ms (Views: 5.7ms | ActiveRecord: 1.2ms | Allocations: 3343)


Started GET "/api/v1/pictures" for ::1 at 2020-07-27 18:09:50 -0400
Processing by Api::V1::PicturesController#index as */*
  [1m[36mPicture Load (11.8ms)[0m  [1m[34mSELECT "pictures".* FROM "pictures"[0m
  ↳ app/controllers/api/v1/pictures_controller.rb:4:in `index'
Completed 200 OK in 19ms (Views: 6.5ms | ActiveRecord: 11.8ms | Allocations: 3343)


Started GET "/api/v1/pictures" for ::1 at 2020-07-27 18:45:08 -0400
  [1m[35m (6.8ms)[0m  [1m[34mSELECT "schema_migrations"."version" FROM "schema_migrations" ORDER BY "schema_migrations"."version" ASC[0m
Processing by Api::V1::PicturesController#index as */*
  [1m[36mPicture Load (1.2ms)[0m  [1m[34mSELECT "pictures".* FROM "pictures"[0m
  ↳ app/controllers/api/v1/pictures_controller.rb:4:in `index'
Completed 200 OK in 23ms (Views: 10.1ms | ActiveRecord: 6.4ms | Allocations: 7135)


Started GET "/api/v1/pictures" for ::1 at 2020-07-27 18:46:41 -0400
Processing by Api::V1::PicturesController#index as */*
  [1m[36mPicture Load (0.4ms)[0m  [1m[34mSELECT "pictures".* FROM "pictures"[0m
  ↳ app/controllers/api/v1/pictures_controller.rb:4:in `index'
Completed 200 OK in 4ms (Views: 3.2ms | ActiveRecord: 0.4ms | Allocations: 1091)


Started GET "/api/v1/pictures" for ::1 at 2020-07-27 18:46:55 -0400
Processing by Api::V1::PicturesController#index as */*
  [1m[36mPicture Load (1.0ms)[0m  [1m[34mSELECT "pictures".* FROM "pictures"[0m
  ↳ app/controllers/api/v1/pictures_controller.rb:4:in `index'
Completed 200 OK in 4ms (Views: 3.1ms | ActiveRecord: 1.0ms | Allocations: 1091)


Started GET "/api/v1/pictures" for ::1 at 2020-07-27 19:02:30 -0400
Processing by Api::V1::PicturesController#index as */*
  [1m[36mPicture Load (0.9ms)[0m  [1m[34mSELECT "pictures".* FROM "pictures"[0m
  ↳ app/controllers/api/v1/pictures_controller.rb:4:in `index'
Completed 200 OK in 4ms (Views: 2.5ms | ActiveRecord: 0.9ms | Allocations: 1159)


  [1m[35m (1.0ms)[0m  [1m[34mSELECT "schema_migrations"."version" FROM "schema_migrations" ORDER BY "schema_migrations"."version" ASC[0m
  [1m[36mPicture Load (0.4ms)[0m  [1m[34mSELECT "pictures".* FROM "pictures"[0m
  [1m[35m (0.2ms)[0m  [1m[35mBEGIN[0m
  [1m[36mPicture Destroy (0.5ms)[0m  [1m[31mDELETE FROM "pictures" WHERE "pictures"."id" = $1[0m  [["id", 3]]
  [1m[35m (6.5ms)[0m  [1m[35mCOMMIT[0m
  [1m[35m (0.2ms)[0m  [1m[35mBEGIN[0m
  [1m[36mPicture Destroy (0.5ms)[0m  [1m[31mDELETE FROM "pictures" WHERE "pictures"."id" = $1[0m  [["id", 4]]
  [1m[35m (0.6ms)[0m  [1m[35mCOMMIT[0m
  [1m[35m (0.2ms)[0m  [1m[35mBEGIN[0m
  [1m[36mPicture Create (1.2ms)[0m  [1m[32mINSERT INTO "pictures" ("title", "like", "imageUrl", "created_at", "updated_at") VALUES ($1, $2, $3, $4, $5) RETURNING "id"[0m  [["title", "mountain"], ["like", 0], ["imageUrl", "https://cosmosmagazine.com/wp-content/uploads/2020/02/190218-mount-full-1440x810.jpg"], ["created_at", "2020-07-27 23:03:15.689603"], ["updated_at", "2020-07-27 23:03:15.689603"]]
  [1m[35m (0.6ms)[0m  [1m[35mCOMMIT[0m
  [1m[35m (0.1ms)[0m  [1m[35mBEGIN[0m
  [1m[36mPicture Create (0.9ms)[0m  [1m[32mINSERT INTO "pictures" ("title", "like", "imageUrl", "created_at", "updated_at") VALUES ($1, $2, $3, $4, $5) RETURNING "id"[0m  [["title", "oceans"], ["like", 0], ["imageUrl", "https://scx2.b-cdn.net/gfx/news/2019/bluefinancea.jpg"], ["created_at", "2020-07-27 23:03:15.695663"], ["updated_at", "2020-07-27 23:03:15.695663"]]
  [1m[35m (0.4ms)[0m  [1m[35mCOMMIT[0m
  [1m[35m (0.1ms)[0m  [1m[35mBEGIN[0m
  [1m[36mPicture Create (0.4ms)[0m  [1m[32mINSERT INTO "pictures" ("title", "like", "imageUrl", "created_at", "updated_at") VALUES ($1, $2, $3, $4, $5) RETURNING "id"[0m  [["title", "walk in the park"], ["like", 0], ["imageUrl", "https://images-na.ssl-images-amazon.com/images/I/716tsQsStCL.jpg"], ["created_at", "2020-07-27 23:03:15.701218"], ["updated_at", "2020-07-27 23:03:15.701218"]]
  [1m[35m (0.4ms)[0m  [1m[35mCOMMIT[0m
  [1m[35m (0.2ms)[0m  [1m[35mBEGIN[0m
  [1m[36mPicture Create (0.3ms)[0m  [1m[32mINSERT INTO "pictures" ("title", "like", "imageUrl", "created_at", "updated_at") VALUES ($1, $2, $3, $4, $5) RETURNING "id"[0m  [["title", "Starry Night"], ["like", 0], ["imageUrl", "https://www.vangoghgallery.com/img/starry_night_full.jpg"], ["created_at", "2020-07-27 23:03:15.712035"], ["updated_at", "2020-07-27 23:03:15.712035"]]
  [1m[35m (0.7ms)[0m  [1m[35mCOMMIT[0m
  [1m[35m (0.2ms)[0m  [1m[35mBEGIN[0m
  [1m[36mPicture Create (0.4ms)[0m  [1m[32mINSERT INTO "pictures" ("title", "like", "imageUrl", "created_at", "updated_at") VALUES ($1, $2, $3, $4, $5) RETURNING "id"[0m  [["title", "Sponge Out of Water"], ["like", 0], ["imageUrl", "https://mymodernmet.com/wp/wp-content/uploads/2019/12/dave-pollot-thrift-store-paintings-1.jpg"], ["created_at", "2020-07-27 23:03:15.728212"], ["updated_at", "2020-07-27 23:03:15.728212"]]
  [1m[35m (0.6ms)[0m  [1m[35mCOMMIT[0m
  [1m[35m (0.2ms)[0m  [1m[35mBEGIN[0m
  [1m[36mPicture Create (0.5ms)[0m  [1m[32mINSERT INTO "pictures" ("title", "like", "imageUrl", "created_at", "updated_at") VALUES ($1, $2, $3, $4, $5) RETURNING "id"[0m  [["title", "Traditional Waterfall"], ["like", 0], ["imageUrl", "https://www.jotform.com/blog/wp-content/uploads/2010/03/photo-1524664399170-77e7118fdb6d.jpeg"], ["created_at", "2020-07-27 23:03:15.742756"], ["updated_at", "2020-07-27 23:03:15.742756"]]
  [1m[35m (0.7ms)[0m  [1m[35mCOMMIT[0m
  [1m[35m (0.2ms)[0m  [1m[35mBEGIN[0m
  [1m[36mPicture Create (0.5ms)[0m  [1m[32mINSERT INTO "pictures" ("title", "like", "imageUrl", "created_at", "updated_at") VALUES ($1, $2, $3, $4, $5) RETURNING "id"[0m  [["title", "Blooming Courtyard"], ["like", 0], ["imageUrl", "https://emptyeasel.com/wp-content/uploads/2019/02/harry-perry-painting.jpg"], ["created_at", "2020-07-27 23:03:15.757210"], ["updated_at", "2020-07-27 23:03:15.757210"]]
  [1m[35m (0.5ms)[0m  [1m[35mCOMMIT[0m
  [1m[35m (0.2ms)[0m  [1m[35mBEGIN[0m
  [1m[36mPicture Create (0.4ms)[0m  [1m[32mINSERT INTO "pictures" ("title", "like", "imageUrl", "created_at", "updated_at") VALUES ($1, $2, $3, $4, $5) RETURNING "id"[0m  [["title", "Burning Forest"], ["like", 0], ["imageUrl", "https://previews.123rf.com/images/number168/number1681611/number168161100048/69741927-oil-painting-landscape-colorful-autumn-trees-semi-abstract-paintings-image-of-forest-aspen-tree-with.jpg"], ["created_at", "2020-07-27 23:03:15.772828"], ["updated_at", "2020-07-27 23:03:15.772828"]]
  [1m[35m (0.5ms)[0m  [1m[35mCOMMIT[0m
  [1m[35m (0.4ms)[0m  [1m[35mBEGIN[0m
  [1m[36mPicture Create (0.3ms)[0m  [1m[32mINSERT INTO "pictures" ("title", "like", "imageUrl", "created_at", "updated_at") VALUES ($1, $2, $3, $4, $5) RETURNING "id"[0m  [["title", "Pink Sky"], ["like", 0], ["imageUrl", "https://cdn.cnn.com/cnnnext/dam/assets/190904125001-bob-ross-sunsetaglow-2612.jpg"], ["created_at", "2020-07-27 23:03:15.778049"], ["updated_at", "2020-07-27 23:03:15.778049"]]
  [1m[35m (0.4ms)[0m  [1m[35mCOMMIT[0m
  [1m[35m (0.1ms)[0m  [1m[35mBEGIN[0m
  [1m[36mPicture Create (0.3ms)[0m  [1m[32mINSERT INTO "pictures" ("title", "like", "imageUrl", "created_at", "updated_at") VALUES ($1, $2, $3, $4, $5) RETURNING "id"[0m  [["title", "Snow Cabin"], ["like", 0], ["imageUrl", "https://images-na.ssl-images-amazon.com/images/I/71TDfrzIvzL._AC_SX522_.jpg"], ["created_at", "2020-07-27 23:03:15.783327"], ["updated_at", "2020-07-27 23:03:15.783327"]]
  [1m[35m (0.5ms)[0m  [1m[35mCOMMIT[0m
  [1m[35m (0.1ms)[0m  [1m[35mBEGIN[0m
  [1m[36mPicture Create (0.5ms)[0m  [1m[32mINSERT INTO "pictures" ("title", "like", "imageUrl", "created_at", "updated_at") VALUES ($1, $2, $3, $4, $5) RETURNING "id"[0m  [["title", "Sunset by the Beach"], ["like", 0], ["imageUrl", "https://cordovanartschool.com/wp-content/uploads/2020/02/march-16.png"], ["created_at", "2020-07-27 23:03:15.787664"], ["updated_at", "2020-07-27 23:03:15.787664"]]
  [1m[35m (0.6ms)[0m  [1m[35mCOMMIT[0m
  [1m[35m (0.2ms)[0m  [1m[35mBEGIN[0m
  [1m[36mPicture Create (0.7ms)[0m  [1m[32mINSERT INTO "pictures" ("title", "like", "imageUrl", "created_at", "updated_at") VALUES ($1, $2, $3, $4, $5) RETURNING "id"[0m  [["title", "Canyon"], ["like", 0], ["imageUrl", "https://manofmany.com/wp-content/uploads/2019/08/Where-Are-All-the-Bob-Ross-Paintings-1.jpg"], ["created_at", "2020-07-27 23:03:15.792517"], ["updated_at", "2020-07-27 23:03:15.792517"]]
  [1m[35m (0.7ms)[0m  [1m[35mCOMMIT[0m
  [1m[35m (0.2ms)[0m  [1m[35mBEGIN[0m
  [1m[36mPicture Create (0.3ms)[0m  [1m[32mINSERT INTO "pictures" ("title", "like", "imageUrl", "created_at", "updated_at") VALUES ($1, $2, $3, $4, $5) RETURNING "id"[0m  [["title", "Wonder Bread"], ["like", 0], ["imageUrl", "https://render.fineartamerica.com/images/images-profile-flow/400/images-medium-large-5/wonder-women-kelly-gilleran.jpg"], ["created_at", "2020-07-27 23:03:15.799030"], ["updated_at", "2020-07-27 23:03:15.799030"]]
  [1m[35m (0.4ms)[0m  [1m[35mCOMMIT[0m
  [1m[35m (0.2ms)[0m  [1m[35mBEGIN[0m
  [1m[36mPicture Create (0.3ms)[0m  [1m[32mINSERT INTO "pictures" ("title", "like", "imageUrl", "created_at", "updated_at") VALUES ($1, $2, $3, $4, $5) RETURNING "id"[0m  [["title", "Casette"], ["like", 0], ["imageUrl", "https://images.saatchiart.com/saatchi/1121797/art/5148229/4218049-BYKZAJQN-7.jpg"], ["created_at", "2020-07-27 23:03:15.803379"], ["updated_at", "2020-07-27 23:03:15.803379"]]
  [1m[35m (0.4ms)[0m  [1m[35mCOMMIT[0m
  [1m[35m (0.1ms)[0m  [1m[35mBEGIN[0m
  [1m[36mPicture Create (0.3ms)[0m  [1m[32mINSERT INTO "pictures" ("title", "like", "imageUrl", "created_at", "updated_at") VALUES ($1, $2, $3, $4, $5) RETURNING "id"[0m  [["title", "Camera"], ["like", 0], ["imageUrl", "https://images.fineartamerica.com/images-medium-large/cameras-retro-viki-vehnovsky.jpg"], ["created_at", "2020-07-27 23:03:15.807223"], ["updated_at", "2020-07-27 23:03:15.807223"]]
  [1m[35m (0.5ms)[0m  [1m[35mCOMMIT[0m
  [1m[35m (0.1ms)[0m  [1m[35mBEGIN[0m
  [1m[36mPicture Create (1.4ms)[0m  [1m[32mINSERT INTO "pictures" ("title", "like", "imageUrl", "created_at", "updated_at") VALUES ($1, $2, $3, $4, $5) RETURNING "id"[0m  [["title", "Bumble Bee"], ["like", 0], ["imageUrl", "https://images.saatchiart.com/saatchi/1303329/art/6411313/5481069-LCMURXRA-7.jpg"], ["created_at", "2020-07-27 23:03:15.811400"], ["updated_at", "2020-07-27 23:03:15.811400"]]
  [1m[35m (0.7ms)[0m  [1m[35mCOMMIT[0m
  [1m[35m (0.2ms)[0m  [1m[35mBEGIN[0m
  [1m[36mPicture Create (0.3ms)[0m  [1m[32mINSERT INTO "pictures" ("title", "like", "imageUrl", "created_at", "updated_at") VALUES ($1, $2, $3, $4, $5) RETURNING "id"[0m  [["title", "Angela"], ["like", 0], ["imageUrl", "https://images.fineartamerica.com/images/artworkimages/mediumlarge/1/angela-jamie-alexander.jpg"], ["created_at", "2020-07-27 23:03:15.817956"], ["updated_at", "2020-07-27 23:03:15.817956"]]
  [1m[35m (0.4ms)[0m  [1m[35mCOMMIT[0m
  [1m[35m (0.1ms)[0m  [1m[35mBEGIN[0m
  [1m[36mPicture Create (0.5ms)[0m  [1m[32mINSERT INTO "pictures" ("title", "like", "imageUrl", "created_at", "updated_at") VALUES ($1, $2, $3, $4, $5) RETURNING "id"[0m  [["title", "Black and White"], ["like", 0], ["imageUrl", "https://previews.123rf.com/images/shooarts/shooarts1204/shooarts120400021/13072013-black-and-white-abstract-brush-painting.jpg"], ["created_at", "2020-07-27 23:03:15.822021"], ["updated_at", "2020-07-27 23:03:15.822021"]]
  [1m[35m (0.5ms)[0m  [1m[35mCOMMIT[0m
  [1m[35m (0.2ms)[0m  [1m[35mBEGIN[0m
  [1m[36mPicture Create (0.4ms)[0m  [1m[32mINSERT INTO "pictures" ("title", "like", "imageUrl", "created_at", "updated_at") VALUES ($1, $2, $3, $4, $5) RETURNING "id"[0m  [["title", "Woody"], ["like", 0], ["imageUrl", "https://i.pinimg.com/originals/0a/3e/77/0a3e7722099f6d5dfcfcb30752eb2a6b.jpg"], ["created_at", "2020-07-27 23:03:15.826568"], ["updated_at", "2020-07-27 23:03:15.826568"]]
  [1m[35m (0.6ms)[0m  [1m[35mCOMMIT[0m
  [1m[35m (0.2ms)[0m  [1m[35mBEGIN[0m
  [1m[36mPicture Create (0.5ms)[0m  [1m[32mINSERT INTO "pictures" ("title", "like", "imageUrl", "created_at", "updated_at") VALUES ($1, $2, $3, $4, $5) RETURNING "id"[0m  [["title", "Chicken"], ["like", 0], ["imageUrl", "https://brucemillerartist.com/media/content/White%20Chicken%20ll.png"], ["created_at", "2020-07-27 23:03:15.831252"], ["updated_at", "2020-07-27 23:03:15.831252"]]
  [1m[35m (0.6ms)[0m  [1m[35mCOMMIT[0m
Started GET "/api/v1/pictures" for ::1 at 2020-07-27 19:03:25 -0400
  [1m[35m (0.7ms)[0m  [1m[34mSELECT "schema_migrations"."version" FROM "schema_migrations" ORDER BY "schema_migrations"."version" ASC[0m
Processing by Api::V1::PicturesController#index as */*
  [1m[36mPicture Load (0.6ms)[0m  [1m[34mSELECT "pictures".* FROM "pictures"[0m
  ↳ app/controllers/api/v1/pictures_controller.rb:4:in `index'
Completed 200 OK in 41ms (Views: 20.9ms | ActiveRecord: 15.9ms | Allocations: 9403)


  [1m[35m (2.2ms)[0m  [1m[35mCREATE DATABASE "gallery_api_development" ENCODING = 'unicode'[0m
  [1m[35m (0.4ms)[0m  [1m[35mCREATE DATABASE "gallery_api_test" ENCODING = 'unicode'[0m
  [1m[35m (0.2ms)[0m  [1m[34mSELECT pg_try_advisory_lock(3088572876417905730)[0m
  [1m[35m (0.5ms)[0m  [1m[34mSELECT "schema_migrations"."version" FROM "schema_migrations" ORDER BY "schema_migrations"."version" ASC[0m
  [1m[36mActiveRecord::InternalMetadata Load (0.4ms)[0m  [1m[34mSELECT "ar_internal_metadata".* FROM "ar_internal_metadata" WHERE "ar_internal_metadata"."key" = $1 LIMIT $2[0m  [["key", "environment"], ["LIMIT", 1]]
  [1m[35m (0.3ms)[0m  [1m[34mSELECT pg_advisory_unlock(3088572876417905730)[0m
  [1m[35m (0.5ms)[0m  [1m[34mSELECT "schema_migrations"."version" FROM "schema_migrations" ORDER BY "schema_migrations"."version" ASC[0m
Started GET "/api/v1/pictures" for ::1 at 2020-07-28 08:54:07 -0400
  [1m[35m (0.5ms)[0m  [1m[34mSELECT "schema_migrations"."version" FROM "schema_migrations" ORDER BY "schema_migrations"."version" ASC[0m
Processing by Api::V1::PicturesController#index as */*
  [1m[36mPicture Load (0.7ms)[0m  [1m[34mSELECT "pictures".* FROM "pictures"[0m
  ↳ app/controllers/api/v1/pictures_controller.rb:4:in `index'
Completed 200 OK in 22ms (Views: 11.7ms | ActiveRecord: 5.6ms | Allocations: 9451)


Started GET "/api/v1/pictures" for ::1 at 2020-07-28 09:02:54 -0400
Processing by Api::V1::PicturesController#index as */*
  [1m[36mPicture Load (1.0ms)[0m  [1m[34mSELECT "pictures".* FROM "pictures"[0m
  ↳ app/controllers/api/v1/pictures_controller.rb:4:in `index'
Completed 200 OK in 12ms (Views: 11.1ms | ActiveRecord: 1.0ms | Allocations: 3429)


Started GET "/api/v1/pictures" for ::1 at 2020-07-28 09:04:24 -0400
Processing by Api::V1::PicturesController#index as */*
  [1m[36mPicture Load (0.4ms)[0m  [1m[34mSELECT "pictures".* FROM "pictures"[0m
  ↳ app/controllers/api/v1/pictures_controller.rb:4:in `index'
Completed 200 OK in 5ms (Views: 4.4ms | ActiveRecord: 0.4ms | Allocations: 3361)


Started GET "/api/v1/pictures" for ::1 at 2020-07-28 09:08:42 -0400
Processing by Api::V1::PicturesController#index as */*
  [1m[36mPicture Load (0.5ms)[0m  [1m[34mSELECT "pictures".* FROM "pictures"[0m
  ↳ app/controllers/api/v1/pictures_controller.rb:4:in `index'
Completed 200 OK in 6ms (Views: 5.6ms | ActiveRecord: 0.5ms | Allocations: 3361)


Started GET "/api/v1/pictures" for ::1 at 2020-07-28 09:09:47 -0400
Processing by Api::V1::PicturesController#index as */*
  [1m[36mPicture Load (2.7ms)[0m  [1m[34mSELECT "pictures".* FROM "pictures"[0m
  ↳ app/controllers/api/v1/pictures_controller.rb:4:in `index'
Completed 200 OK in 10ms (Views: 6.4ms | ActiveRecord: 2.7ms | Allocations: 3361)


Started GET "/api/v1/pictures" for ::1 at 2020-07-28 09:11:14 -0400
Processing by Api::V1::PicturesController#index as */*
  [1m[36mPicture Load (0.5ms)[0m  [1m[34mSELECT "pictures".* FROM "pictures"[0m
  ↳ app/controllers/api/v1/pictures_controller.rb:4:in `index'
Completed 200 OK in 9ms (Views: 8.5ms | ActiveRecord: 0.5ms | Allocations: 3343)


Started GET "/api/v1/pictures" for ::1 at 2020-07-28 09:12:09 -0400
Processing by Api::V1::PicturesController#index as */*
  [1m[36mPicture Load (8.2ms)[0m  [1m[34mSELECT "pictures".* FROM "pictures"[0m
  ↳ app/controllers/api/v1/pictures_controller.rb:4:in `index'
Completed 200 OK in 15ms (Views: 6.6ms | ActiveRecord: 8.2ms | Allocations: 3343)


Started GET "/api/v1/pictures" for ::1 at 2020-07-28 09:18:32 -0400
Processing by Api::V1::PicturesController#index as */*
  [1m[36mPicture Load (1.0ms)[0m  [1m[34mSELECT "pictures".* FROM "pictures"[0m
  ↳ app/controllers/api/v1/pictures_controller.rb:4:in `index'
Completed 200 OK in 8ms (Views: 6.6ms | ActiveRecord: 1.0ms | Allocations: 3416)


Started GET "/api/v1/pictures" for ::1 at 2020-07-28 09:18:48 -0400
Processing by Api::V1::PicturesController#index as */*
  [1m[36mPicture Load (0.8ms)[0m  [1m[34mSELECT "pictures".* FROM "pictures"[0m
  ↳ app/controllers/api/v1/pictures_controller.rb:4:in `index'
Completed 200 OK in 8ms (Views: 6.5ms | ActiveRecord: 0.8ms | Allocations: 3343)


Started GET "/api/v1/pictures" for ::1 at 2020-07-28 09:27:39 -0400
Processing by Api::V1::PicturesController#index as */*
  [1m[36mPicture Load (3.3ms)[0m  [1m[34mSELECT "pictures".* FROM "pictures"[0m
  ↳ app/controllers/api/v1/pictures_controller.rb:4:in `index'
Completed 200 OK in 11ms (Views: 7.6ms | ActiveRecord: 3.3ms | Allocations: 3416)


Started GET "/api/v1/pictures" for ::1 at 2020-07-28 09:28:21 -0400
Processing by Api::V1::PicturesController#index as */*
  [1m[36mPicture Load (2.1ms)[0m  [1m[34mSELECT "pictures".* FROM "pictures"[0m
  ↳ app/controllers/api/v1/pictures_controller.rb:4:in `index'
Completed 200 OK in 20ms (Views: 17.9ms | ActiveRecord: 2.1ms | Allocations: 3343)


Started GET "/api/v1/pictures" for ::1 at 2020-07-28 09:29:10 -0400
Processing by Api::V1::PicturesController#index as */*
  [1m[36mPicture Load (2.1ms)[0m  [1m[34mSELECT "pictures".* FROM "pictures"[0m
  ↳ app/controllers/api/v1/pictures_controller.rb:4:in `index'
Completed 200 OK in 8ms (Views: 5.9ms | ActiveRecord: 2.1ms | Allocations: 3343)


Started GET "/api/v1/pictures" for ::1 at 2020-07-28 09:29:28 -0400
Processing by Api::V1::PicturesController#index as */*
  [1m[36mPicture Load (1.6ms)[0m  [1m[34mSELECT "pictures".* FROM "pictures"[0m
  ↳ app/controllers/api/v1/pictures_controller.rb:4:in `index'
Completed 200 OK in 13ms (Views: 10.9ms | ActiveRecord: 1.6ms | Allocations: 3343)


Started GET "/api/v1/pictures" for ::1 at 2020-07-28 09:30:55 -0400
Processing by Api::V1::PicturesController#index as */*
  [1m[36mPicture Load (0.4ms)[0m  [1m[34mSELECT "pictures".* FROM "pictures"[0m
  ↳ app/controllers/api/v1/pictures_controller.rb:4:in `index'
Completed 200 OK in 6ms (Views: 5.7ms | ActiveRecord: 0.4ms | Allocations: 3343)


Started GET "/api/v1/pictures" for ::1 at 2020-07-28 09:31:19 -0400
Processing by Api::V1::PicturesController#index as */*
  [1m[36mPicture Load (31.4ms)[0m  [1m[34mSELECT "pictures".* FROM "pictures"[0m
  ↳ app/controllers/api/v1/pictures_controller.rb:4:in `index'
Completed 200 OK in 39ms (Views: 7.3ms | ActiveRecord: 31.4ms | Allocations: 3343)


Started GET "/api/v1/pictures" for ::1 at 2020-07-28 09:31:57 -0400
Processing by Api::V1::PicturesController#index as */*
  [1m[36mPicture Load (0.4ms)[0m  [1m[34mSELECT "pictures".* FROM "pictures"[0m
  ↳ app/controllers/api/v1/pictures_controller.rb:4:in `index'
Completed 200 OK in 6ms (Views: 5.2ms | ActiveRecord: 0.4ms | Allocations: 3343)


Started GET "/api/v1/pictures" for ::1 at 2020-07-28 10:07:44 -0400
Processing by Api::V1::PicturesController#index as */*
  [1m[36mPicture Load (0.9ms)[0m  [1m[34mSELECT "pictures".* FROM "pictures"[0m
  ↳ app/controllers/api/v1/pictures_controller.rb:4:in `index'
Completed 200 OK in 27ms (Views: 25.5ms | ActiveRecord: 0.9ms | Allocations: 3419)


Started GET "/api/v1/pictures" for ::1 at 2020-07-28 10:08:09 -0400
Processing by Api::V1::PicturesController#index as */*
  [1m[36mPicture Load (0.5ms)[0m  [1m[34mSELECT "pictures".* FROM "pictures"[0m
  ↳ app/controllers/api/v1/pictures_controller.rb:4:in `index'
Completed 200 OK in 7ms (Views: 5.9ms | ActiveRecord: 0.5ms | Allocations: 3343)


